Using pre-set license
Built from '2020.3/staging' branch; Version is '2020.3.33f1 (915a7af8b0d5) revision 9525882'; Using compiler version '192528614'; Build Type 'Release'
OS: 'Windows 10  (10.0.19045) 64bit Professional' Language: 'en' Physical Memory: 16253 MB
BatchMode: 1, IsHumanControllingUs: 0, StartBugReporterOnCrash: 0, Is64bit: 1, IsPro: 0

COMMAND LINE ARGUMENTS:
P:\Unity\2020.3.33f1\Editor\Unity.exe
-adb2
-batchMode
-noUpm
-name
AssetImportWorker0
-projectPath
P:/Github/Wisteria-Constellation/Constellations-Finals
-logFile
Logs/AssetImportWorker0.log
-srvPort
65458
Successfully changed project path to: P:/Github/Wisteria-Constellation/Constellations-Finals
P:/Github/Wisteria-Constellation/Constellations-Finals
Using Asset Import Pipeline V2.
Refreshing native plugins compatible for Editor in 87.90 ms, found 3 plugins.
Preloading 0 native plugins for Editor in 0.00 ms.
Initialize engine version: 2020.3.33f1 (915a7af8b0d5)
[Subsystems] Discovering subsystems at path P:/Unity/2020.3.33f1/Editor/Data/Resources/UnitySubsystems
[Subsystems] Discovering subsystems at path P:/Github/Wisteria-Constellation/Constellations-Finals/Assets
GfxDevice: creating device client; threaded=0
Direct3D:
    Version:  Direct3D 11.0 [level 11.1]
    Renderer: Radeon RX 570 Series (ID=0x67df)
    Vendor:   
    VRAM:     4074 MB
    Driver:   31.0.12029.10015
Initialize mono
Mono path[0] = 'P:/Unity/2020.3.33f1/Editor/Data/Managed'
Mono path[1] = 'P:/Unity/2020.3.33f1/Editor/Data/MonoBleedingEdge/lib/mono/unityjit'
Mono config path = 'P:/Unity/2020.3.33f1/Editor/Data/MonoBleedingEdge/etc'
Using monoOptions --debugger-agent=transport=dt_socket,embedding=1,server=y,suspend=n,address=127.0.0.1:56172
Begin MonoManager ReloadAssembly
Registering precompiled unity dll's ...
Register platform support module: P:/Unity/2020.3.33f1/Editor/Data/PlaybackEngines/WindowsStandaloneSupport/UnityEditor.WindowsStandalone.Extensions.dll
Registered in 0.001140 seconds.
Native extension for WindowsStandalone target not found
Refreshing native plugins compatible for Editor in 84.31 ms, found 3 plugins.
Preloading 0 native plugins for Editor in 0.00 ms.
Mono: successfully reloaded assembly
- Completed reload, in  0.640 seconds
Domain Reload Profiling:
	ReloadAssembly (641ms)
		BeginReloadAssembly (64ms)
			ExecutionOrderSort (0ms)
			DisableScriptedObjects (0ms)
			BackupInstance (0ms)
			ReleaseScriptingObjects (0ms)
			CreateAndSetChildDomain (1ms)
		EndReloadAssembly (505ms)
			LoadAssemblies (63ms)
			RebuildTransferFunctionScriptingTraits (0ms)
			SetupTypeCache (157ms)
			ReleaseScriptCaches (0ms)
			RebuildScriptCaches (30ms)
			SetupLoadedEditorAssemblies (217ms)
				LogAssemblyErrors (0ms)
				InitializePlatformSupportModulesInManaged (4ms)
				SetLoadedEditorAssemblies (0ms)
				RefreshPlugins (84ms)
				BeforeProcessingInitializeOnLoad (18ms)
				ProcessInitializeOnLoadAttributes (81ms)
				ProcessInitializeOnLoadMethodAttributes (29ms)
				AfterProcessingInitializeOnLoad (0ms)
				EditorAssembliesLoaded (0ms)
			ExecutionOrderSort2 (0ms)
			AwakeInstancesAfterBackupRestoration (0ms)
Platform modules already initialized, skipping
Registering precompiled user dll's ...
Registered in 0.002967 seconds.
Begin MonoManager ReloadAssembly
Symbol file LoadedFromMemory doesn't match image P:\Github\Wisteria-Constellation\Constellations-Finals\Library\PackageCache\com.unity.collab-proxy@1.15.15\Lib\Editor\PlasticSCM\unityplastic.dll
Native extension for WindowsStandalone target not found
Refreshing native plugins compatible for Editor in 85.89 ms, found 3 plugins.
Preloading 0 native plugins for Editor in 0.00 ms.
Mono: successfully reloaded assembly
- Completed reload, in  1.276 seconds
Domain Reload Profiling:
	ReloadAssembly (1277ms)
		BeginReloadAssembly (148ms)
			ExecutionOrderSort (0ms)
			DisableScriptedObjects (5ms)
			BackupInstance (0ms)
			ReleaseScriptingObjects (0ms)
			CreateAndSetChildDomain (20ms)
		EndReloadAssembly (1073ms)
			LoadAssemblies (102ms)
			RebuildTransferFunctionScriptingTraits (0ms)
			SetupTypeCache (359ms)
			ReleaseScriptCaches (1ms)
			RebuildScriptCaches (81ms)
			SetupLoadedEditorAssemblies (411ms)
				LogAssemblyErrors (0ms)
				InitializePlatformSupportModulesInManaged (3ms)
				SetLoadedEditorAssemblies (0ms)
				RefreshPlugins (86ms)
				BeforeProcessingInitializeOnLoad (108ms)
				ProcessInitializeOnLoadAttributes (192ms)
				ProcessInitializeOnLoadMethodAttributes (18ms)
				AfterProcessingInitializeOnLoad (2ms)
				EditorAssembliesLoaded (0ms)
			ExecutionOrderSort2 (0ms)
			AwakeInstancesAfterBackupRestoration (7ms)
Platform modules already initialized, skipping
========================================================================
Worker process is ready to serve import requests
Launched and connected shader compiler UnityShaderCompiler.exe after 0.03 seconds
Refreshing native plugins compatible for Editor in 1.16 ms, found 3 plugins.
Preloading 0 native plugins for Editor in 0.00 ms.
Unloading 3919 Unused Serialized files (Serialized files now loaded: 0)
System memory in use before: 166.1 MB.
System memory in use after: 166.2 MB.

Unloading 32 unused Assets to reduce memory usage. Loaded Objects now: 4355.
Total: 3.863500 ms (FindLiveObjects: 0.353200 ms CreateObjectMapping: 0.226500 ms MarkObjects: 3.127900 ms  DeleteObjects: 0.154100 ms)

AssetImportParameters requested are different than current active one (requested -> active):
  custom:framework-win-MediaFoundation: 216162199b28c13a410421893ffa2e32 -> 
  custom:video-decoder-ogg-theora: a1e56fd34408186e4bbccfd4996cb3dc -> 
  custom:container-muxer-webm: aa71ff27fc2769a1b78a27578f13a17b -> 
  custom:container-demuxer-webm: 4f35f7cbe854078d1ac9338744f61a02 -> 
  custom:container-demuxer-ogg: 62fdf1f143b41e24485cea50d1cbac27 -> 
  custom:video-encoder-webm-vp8: eb34c28f22e8b96e1ab97ce403110664 -> 
  custom:video-decoder-webm-vp8: 9c59270c3fd7afecdb556c50c9e8de78 -> 
  custom:audio-decoder-ogg-vorbis: bf7c407c2cedff20999df2af8eb42d56 -> 
  custom:audio-encoder-webm-vorbis: bf7c407c2cedff20999df2af8eb42d56 -> 
========================================================================
Received Import Request.
  path: Assets/Post Process/Chap1P2 Fog.vfx
  artifactKey: Guid(c1923fbeaee25434e9201f046a1d35ce) Importer(815301076,1909f56bfc062723c751e8b465ee728b)
Start importing Assets/Post Process/Chap1P2 Fog.vfx using Guid(c1923fbeaee25434e9201f046a1d35ce) Importer(815301076,1909f56bfc062723c751e8b465ee728b)  -> (artifact id: 'f5e7c132958b68b86ed5e41a40989d92') in 0.047978 seconds 
========================================================================
Received Import Request.
  Time since last request: 11.050264 seconds.
  path: Assets/Post Process/Chap1P2 Fog.vfx
  artifactKey: Guid(c1923fbeaee25434e9201f046a1d35ce) Importer(815301076,1909f56bfc062723c751e8b465ee728b)
Start importing Assets/Post Process/Chap1P2 Fog.vfx using Guid(c1923fbeaee25434e9201f046a1d35ce) Importer(815301076,1909f56bfc062723c751e8b465ee728b)  -> (artifact id: '3ce64223dd96266cb8b8f0fb91804bbd') in 0.002361 seconds 
========================================================================
Received Import Request.
  Time since last request: 28.096705 seconds.
  path: Assets/Post Process/Chap1P2 Fog.vfx
  artifactKey: Guid(c1923fbeaee25434e9201f046a1d35ce) Importer(815301076,1909f56bfc062723c751e8b465ee728b)
Start importing Assets/Post Process/Chap1P2 Fog.vfx using Guid(c1923fbeaee25434e9201f046a1d35ce) Importer(815301076,1909f56bfc062723c751e8b465ee728b)  -> (artifact id: '15aeb1804837108bef03aa5e673ea999') in 0.002461 seconds 
========================================================================
Received Import Request.
  Time since last request: 26.769111 seconds.
  path: Assets/Post Process/Chap1P2 Fog.vfx
  artifactKey: Guid(c1923fbeaee25434e9201f046a1d35ce) Importer(815301076,1909f56bfc062723c751e8b465ee728b)
Start importing Assets/Post Process/Chap1P2 Fog.vfx using Guid(c1923fbeaee25434e9201f046a1d35ce) Importer(815301076,1909f56bfc062723c751e8b465ee728b)  -> (artifact id: '4a42c40abe46a048d3e348b16c346143') in 0.002404 seconds 
========================================================================
Received Import Request.
  Time since last request: 60.369473 seconds.
  path: Assets/Post Process/Chap1P2 Fog.vfx
  artifactKey: Guid(c1923fbeaee25434e9201f046a1d35ce) Importer(815301076,1909f56bfc062723c751e8b465ee728b)
Start importing Assets/Post Process/Chap1P2 Fog.vfx using Guid(c1923fbeaee25434e9201f046a1d35ce) Importer(815301076,1909f56bfc062723c751e8b465ee728b)  -> (artifact id: '39ff0980b1f4cb9225dc28fa5e792485') in 0.002323 seconds 
========================================================================
Received Import Request.
  Time since last request: 75.212276 seconds.
  path: Assets/Post Process/Chap1P2 Fog.vfx
  artifactKey: Guid(c1923fbeaee25434e9201f046a1d35ce) Importer(815301076,1909f56bfc062723c751e8b465ee728b)
Start importing Assets/Post Process/Chap1P2 Fog.vfx using Guid(c1923fbeaee25434e9201f046a1d35ce) Importer(815301076,1909f56bfc062723c751e8b465ee728b)  -> (artifact id: 'e82ffa31b5c585511f91c2d19ff6be2f') in 0.002360 seconds 
========================================================================
Received Prepare
Registering precompiled user dll's ...
Registered in 0.002615 seconds.
Begin MonoManager ReloadAssembly
Symbol file LoadedFromMemory doesn't match image P:\Github\Wisteria-Constellation\Constellations-Finals\Library\PackageCache\com.unity.collab-proxy@1.15.15\Lib\Editor\PlasticSCM\unityplastic.dll
Native extension for WindowsStandalone target not found
Refreshing native plugins compatible for Editor in 0.84 ms, found 3 plugins.
Preloading 0 native plugins for Editor in 0.00 ms.
Mono: successfully reloaded assembly
- Completed reload, in  1.144 seconds
Domain Reload Profiling:
	ReloadAssembly (1145ms)
		BeginReloadAssembly (113ms)
			ExecutionOrderSort (0ms)
			DisableScriptedObjects (7ms)
			BackupInstance (0ms)
			ReleaseScriptingObjects (0ms)
			CreateAndSetChildDomain (37ms)
		EndReloadAssembly (976ms)
			LoadAssemblies (96ms)
			RebuildTransferFunctionScriptingTraits (0ms)
			SetupTypeCache (350ms)
			ReleaseScriptCaches (2ms)
			RebuildScriptCaches (73ms)
			SetupLoadedEditorAssemblies (341ms)
				LogAssemblyErrors (0ms)
				InitializePlatformSupportModulesInManaged (3ms)
				SetLoadedEditorAssemblies (1ms)
				RefreshPlugins (1ms)
				BeforeProcessingInitializeOnLoad (121ms)
				ProcessInitializeOnLoadAttributes (199ms)
				ProcessInitializeOnLoadMethodAttributes (13ms)
				AfterProcessingInitializeOnLoad (2ms)
				EditorAssembliesLoaded (0ms)
			ExecutionOrderSort2 (0ms)
			AwakeInstancesAfterBackupRestoration (13ms)
Platform modules already initialized, skipping
Refreshing native plugins compatible for Editor in 0.73 ms, found 3 plugins.
Preloading 0 native plugins for Editor in 0.00 ms.
Unloading 3791 Unused Serialized files (Serialized files now loaded: 0)
System memory in use before: 157.1 MB.
System memory in use after: 157.2 MB.

Unloading 21 unused Assets to reduce memory usage. Loaded Objects now: 4358.
Total: 3.739600 ms (FindLiveObjects: 0.277800 ms CreateObjectMapping: 0.184500 ms MarkObjects: 3.153900 ms  DeleteObjects: 0.122500 ms)

AssetImportParameters requested are different than current active one (requested -> active):
  custom:framework-win-MediaFoundation: 216162199b28c13a410421893ffa2e32 -> 
  custom:video-decoder-ogg-theora: a1e56fd34408186e4bbccfd4996cb3dc -> 
  custom:container-muxer-webm: aa71ff27fc2769a1b78a27578f13a17b -> 
  custom:container-demuxer-webm: 4f35f7cbe854078d1ac9338744f61a02 -> 
  custom:container-demuxer-ogg: 62fdf1f143b41e24485cea50d1cbac27 -> 
  custom:video-encoder-webm-vp8: eb34c28f22e8b96e1ab97ce403110664 -> 
  custom:video-decoder-webm-vp8: 9c59270c3fd7afecdb556c50c9e8de78 -> 
  custom:audio-decoder-ogg-vorbis: bf7c407c2cedff20999df2af8eb42d56 -> 
  custom:audio-encoder-webm-vorbis: bf7c407c2cedff20999df2af8eb42d56 -> 
========================================================================
Received Import Request.
  Time since last request: 473.571557 seconds.
  path: Assets/Post Process/Chap1P2 Fog.vfx
  artifactKey: Guid(c1923fbeaee25434e9201f046a1d35ce) Importer(815301076,1909f56bfc062723c751e8b465ee728b)
Start importing Assets/Post Process/Chap1P2 Fog.vfx using Guid(c1923fbeaee25434e9201f046a1d35ce) Importer(815301076,1909f56bfc062723c751e8b465ee728b)  -> (artifact id: '471de27e8be163e1ad7715c57b793b46') in 0.013178 seconds 
========================================================================
Received Import Request.
  Time since last request: 20.471437 seconds.
  path: Assets/Post Process/Chap1P2 Fog.vfx
  artifactKey: Guid(c1923fbeaee25434e9201f046a1d35ce) Importer(815301076,1909f56bfc062723c751e8b465ee728b)
Start importing Assets/Post Process/Chap1P2 Fog.vfx using Guid(c1923fbeaee25434e9201f046a1d35ce) Importer(815301076,1909f56bfc062723c751e8b465ee728b)  -> (artifact id: 'fa7c5fffb7438ecd27bf916dd216208e') in 0.002363 seconds 
========================================================================
Received Import Request.
  Time since last request: 4.899912 seconds.
  path: Assets/Post Process/Chap1P2 Fog.vfx
  artifactKey: Guid(c1923fbeaee25434e9201f046a1d35ce) Importer(815301076,1909f56bfc062723c751e8b465ee728b)
Start importing Assets/Post Process/Chap1P2 Fog.vfx using Guid(c1923fbeaee25434e9201f046a1d35ce) Importer(815301076,1909f56bfc062723c751e8b465ee728b)  -> (artifact id: '11226d8121154da793fb7e332f265408') in 0.002377 seconds 
========================================================================
Received Import Request.
  Time since last request: 5.052799 seconds.
  path: Assets/Post Process/Chap1P2 Fog.vfx
  artifactKey: Guid(c1923fbeaee25434e9201f046a1d35ce) Importer(815301076,1909f56bfc062723c751e8b465ee728b)
Start importing Assets/Post Process/Chap1P2 Fog.vfx using Guid(c1923fbeaee25434e9201f046a1d35ce) Importer(815301076,1909f56bfc062723c751e8b465ee728b)  -> (artifact id: 'a8eb9fdce0fa6c0cb0c744addacc37f3') in 0.002330 seconds 
========================================================================
Received Import Request.
  Time since last request: 3.054899 seconds.
  path: Assets/Post Process/Chap1P2 Fog.vfx
  artifactKey: Guid(c1923fbeaee25434e9201f046a1d35ce) Importer(815301076,1909f56bfc062723c751e8b465ee728b)
Start importing Assets/Post Process/Chap1P2 Fog.vfx using Guid(c1923fbeaee25434e9201f046a1d35ce) Importer(815301076,1909f56bfc062723c751e8b465ee728b)  -> (artifact id: '70d702c7075f84a230db60435c6a19fc') in 0.002307 seconds 
========================================================================
Received Import Request.
  Time since last request: 6.493689 seconds.
  path: Assets/Post Process/Chap1P2 Fog.vfx
  artifactKey: Guid(c1923fbeaee25434e9201f046a1d35ce) Importer(815301076,1909f56bfc062723c751e8b465ee728b)
Start importing Assets/Post Process/Chap1P2 Fog.vfx using Guid(c1923fbeaee25434e9201f046a1d35ce) Importer(815301076,1909f56bfc062723c751e8b465ee728b)  -> (artifact id: '8c8fd61d6b4e2ec77d1bf698fa187add') in 0.002392 seconds 
========================================================================
Received Import Request.
  Time since last request: 2.143600 seconds.
  path: Assets/Post Process/Chap1P2 Fog.vfx
  artifactKey: Guid(c1923fbeaee25434e9201f046a1d35ce) Importer(815301076,1909f56bfc062723c751e8b465ee728b)
Start importing Assets/Post Process/Chap1P2 Fog.vfx using Guid(c1923fbeaee25434e9201f046a1d35ce) Importer(815301076,1909f56bfc062723c751e8b465ee728b)  -> (artifact id: 'b46da7f9908ecf7a66300a3cbbe72cbc') in 0.002363 seconds 
========================================================================
Received Import Request.
  Time since last request: 89.872166 seconds.
  path: Assets/Post Process/Chap1P2 Fog.vfx
  artifactKey: Guid(c1923fbeaee25434e9201f046a1d35ce) Importer(815301076,1909f56bfc062723c751e8b465ee728b)
Start importing Assets/Post Process/Chap1P2 Fog.vfx using Guid(c1923fbeaee25434e9201f046a1d35ce) Importer(815301076,1909f56bfc062723c751e8b465ee728b)  -> (artifact id: 'ffad7667f8eead25a93abc6dee105375') in 0.002446 seconds 
========================================================================
Received Prepare
Registering precompiled user dll's ...
Registered in 0.002441 seconds.
Begin MonoManager ReloadAssembly
Symbol file LoadedFromMemory doesn't match image P:\Github\Wisteria-Constellation\Constellations-Finals\Library\PackageCache\com.unity.collab-proxy@1.15.15\Lib\Editor\PlasticSCM\unityplastic.dll
Native extension for WindowsStandalone target not found
Refreshing native plugins compatible for Editor in 0.81 ms, found 3 plugins.
Preloading 0 native plugins for Editor in 0.00 ms.
Mono: successfully reloaded assembly
- Completed reload, in  1.182 seconds
Domain Reload Profiling:
	ReloadAssembly (1183ms)
		BeginReloadAssembly (131ms)
			ExecutionOrderSort (0ms)
			DisableScriptedObjects (6ms)
			BackupInstance (0ms)
			ReleaseScriptingObjects (0ms)
			CreateAndSetChildDomain (41ms)
		EndReloadAssembly (993ms)
			LoadAssemblies (111ms)
			RebuildTransferFunctionScriptingTraits (0ms)
			SetupTypeCache (369ms)
			ReleaseScriptCaches (2ms)
			RebuildScriptCaches (73ms)
			SetupLoadedEditorAssemblies (320ms)
				LogAssemblyErrors (0ms)
				InitializePlatformSupportModulesInManaged (3ms)
				SetLoadedEditorAssemblies (0ms)
				RefreshPlugins (1ms)
				BeforeProcessingInitializeOnLoad (103ms)
				ProcessInitializeOnLoadAttributes (197ms)
				ProcessInitializeOnLoadMethodAttributes (13ms)
				AfterProcessingInitializeOnLoad (2ms)
				EditorAssembliesLoaded (0ms)
			ExecutionOrderSort2 (0ms)
			AwakeInstancesAfterBackupRestoration (14ms)
Platform modules already initialized, skipping
Refreshing native plugins compatible for Editor in 0.91 ms, found 3 plugins.
Preloading 0 native plugins for Editor in 0.00 ms.
Unloading 3791 Unused Serialized files (Serialized files now loaded: 0)
System memory in use before: 157.2 MB.
System memory in use after: 157.3 MB.

Unloading 21 unused Assets to reduce memory usage. Loaded Objects now: 4361.
Total: 3.664900 ms (FindLiveObjects: 0.296800 ms CreateObjectMapping: 0.206200 ms MarkObjects: 3.025800 ms  DeleteObjects: 0.135200 ms)

AssetImportParameters requested are different than current active one (requested -> active):
  custom:framework-win-MediaFoundation: 216162199b28c13a410421893ffa2e32 -> 
  custom:video-decoder-ogg-theora: a1e56fd34408186e4bbccfd4996cb3dc -> 
  custom:container-muxer-webm: aa71ff27fc2769a1b78a27578f13a17b -> 
  custom:container-demuxer-webm: 4f35f7cbe854078d1ac9338744f61a02 -> 
  custom:container-demuxer-ogg: 62fdf1f143b41e24485cea50d1cbac27 -> 
  custom:video-encoder-webm-vp8: eb34c28f22e8b96e1ab97ce403110664 -> 
  custom:video-decoder-webm-vp8: 9c59270c3fd7afecdb556c50c9e8de78 -> 
  custom:audio-decoder-ogg-vorbis: bf7c407c2cedff20999df2af8eb42d56 -> 
  custom:audio-encoder-webm-vorbis: bf7c407c2cedff20999df2af8eb42d56 -> 
========================================================================
Received Import Request.
  Time since last request: 70.573087 seconds.
  path: Assets/Post Process/Chap1P2 Fog.vfx
  artifactKey: Guid(c1923fbeaee25434e9201f046a1d35ce) Importer(815301076,1909f56bfc062723c751e8b465ee728b)
Start importing Assets/Post Process/Chap1P2 Fog.vfx using Guid(c1923fbeaee25434e9201f046a1d35ce) Importer(815301076,1909f56bfc062723c751e8b465ee728b)  -> (artifact id: '1c081d45783eeac297e591d4e15ada5e') in 0.013516 seconds 
========================================================================
Received Import Request.
  Time since last request: 5.717696 seconds.
  path: Assets/Post Process/Chap1P2 Fog.vfx
  artifactKey: Guid(c1923fbeaee25434e9201f046a1d35ce) Importer(815301076,1909f56bfc062723c751e8b465ee728b)
Start importing Assets/Post Process/Chap1P2 Fog.vfx using Guid(c1923fbeaee25434e9201f046a1d35ce) Importer(815301076,1909f56bfc062723c751e8b465ee728b)  -> (artifact id: '3788e393260ce22ad8d7bebecade6615') in 0.002450 seconds 
========================================================================
Received Import Request.
  Time since last request: 37.194752 seconds.
  path: Assets/Post Process/Chap1P2 Fog.vfx
  artifactKey: Guid(c1923fbeaee25434e9201f046a1d35ce) Importer(815301076,1909f56bfc062723c751e8b465ee728b)
Start importing Assets/Post Process/Chap1P2 Fog.vfx using Guid(c1923fbeaee25434e9201f046a1d35ce) Importer(815301076,1909f56bfc062723c751e8b465ee728b)  -> (artifact id: '0c4982da9ac164e275469a5754f644f1') in 0.002391 seconds 
========================================================================
Received Import Request.
  Time since last request: 2.570706 seconds.
  path: Assets/Post Process/Chap1P2 Fog.vfx
  artifactKey: Guid(c1923fbeaee25434e9201f046a1d35ce) Importer(815301076,1909f56bfc062723c751e8b465ee728b)
Start importing Assets/Post Process/Chap1P2 Fog.vfx using Guid(c1923fbeaee25434e9201f046a1d35ce) Importer(815301076,1909f56bfc062723c751e8b465ee728b)  -> (artifact id: '5d1725e3257503d465849b07c29fa775') in 0.002544 seconds 
========================================================================
Received Import Request.
  Time since last request: 22.851075 seconds.
  path: Assets/Post Process/Chap1P2 Fog.vfx
  artifactKey: Guid(c1923fbeaee25434e9201f046a1d35ce) Importer(815301076,1909f56bfc062723c751e8b465ee728b)
Start importing Assets/Post Process/Chap1P2 Fog.vfx using Guid(c1923fbeaee25434e9201f046a1d35ce) Importer(815301076,1909f56bfc062723c751e8b465ee728b)  -> (artifact id: '36182cbbc73883baa66f1bcf46750e19') in 0.002372 seconds 
========================================================================
Received Import Request.
  Time since last request: 4.127866 seconds.
  path: Assets/Post Process/Chap1P2 Fog.vfx
  artifactKey: Guid(c1923fbeaee25434e9201f046a1d35ce) Importer(815301076,1909f56bfc062723c751e8b465ee728b)
Start importing Assets/Post Process/Chap1P2 Fog.vfx using Guid(c1923fbeaee25434e9201f046a1d35ce) Importer(815301076,1909f56bfc062723c751e8b465ee728b)  -> (artifact id: 'b5c44bead60cbdc16c23a34f4b9d985e') in 0.002422 seconds 
========================================================================
Received Prepare
Registering precompiled user dll's ...
Registered in 0.002538 seconds.
Begin MonoManager ReloadAssembly
Symbol file LoadedFromMemory doesn't match image P:\Github\Wisteria-Constellation\Constellations-Finals\Library\PackageCache\com.unity.collab-proxy@1.15.15\Lib\Editor\PlasticSCM\unityplastic.dll
Native extension for WindowsStandalone target not found
Refreshing native plugins compatible for Editor in 0.75 ms, found 3 plugins.
Preloading 0 native plugins for Editor in 0.00 ms.
Mono: successfully reloaded assembly
- Completed reload, in  1.136 seconds
Domain Reload Profiling:
	ReloadAssembly (1137ms)
		BeginReloadAssembly (129ms)
			ExecutionOrderSort (0ms)
			DisableScriptedObjects (7ms)
			BackupInstance (0ms)
			ReleaseScriptingObjects (0ms)
			CreateAndSetChildDomain (53ms)
		EndReloadAssembly (954ms)
			LoadAssemblies (96ms)
			RebuildTransferFunctionScriptingTraits (0ms)
			SetupTypeCache (346ms)
			ReleaseScriptCaches (2ms)
			RebuildScriptCaches (73ms)
			SetupLoadedEditorAssemblies (326ms)
				LogAssemblyErrors (0ms)
				InitializePlatformSupportModulesInManaged (3ms)
				SetLoadedEditorAssemblies (0ms)
				RefreshPlugins (1ms)
				BeforeProcessingInitializeOnLoad (107ms)
				ProcessInitializeOnLoadAttributes (199ms)
				ProcessInitializeOnLoadMethodAttributes (12ms)
				AfterProcessingInitializeOnLoad (2ms)
				EditorAssembliesLoaded (0ms)
			ExecutionOrderSort2 (0ms)
			AwakeInstancesAfterBackupRestoration (14ms)
Platform modules already initialized, skipping
Refreshing native plugins compatible for Editor in 0.76 ms, found 3 plugins.
Preloading 0 native plugins for Editor in 0.00 ms.
Unloading 3791 Unused Serialized files (Serialized files now loaded: 0)
System memory in use before: 157.2 MB.
System memory in use after: 157.3 MB.

Unloading 21 unused Assets to reduce memory usage. Loaded Objects now: 4364.
Total: 3.440100 ms (FindLiveObjects: 0.291200 ms CreateObjectMapping: 0.166700 ms MarkObjects: 2.839000 ms  DeleteObjects: 0.142200 ms)

AssetImportParameters requested are different than current active one (requested -> active):
  custom:framework-win-MediaFoundation: 216162199b28c13a410421893ffa2e32 -> 
  custom:video-decoder-ogg-theora: a1e56fd34408186e4bbccfd4996cb3dc -> 
  custom:container-muxer-webm: aa71ff27fc2769a1b78a27578f13a17b -> 
  custom:container-demuxer-webm: 4f35f7cbe854078d1ac9338744f61a02 -> 
  custom:container-demuxer-ogg: 62fdf1f143b41e24485cea50d1cbac27 -> 
  custom:video-encoder-webm-vp8: eb34c28f22e8b96e1ab97ce403110664 -> 
  custom:video-decoder-webm-vp8: 9c59270c3fd7afecdb556c50c9e8de78 -> 
  custom:audio-decoder-ogg-vorbis: bf7c407c2cedff20999df2af8eb42d56 -> 
  custom:audio-encoder-webm-vorbis: bf7c407c2cedff20999df2af8eb42d56 -> 
========================================================================
Received Import Request.
  Time since last request: 10.388756 seconds.
  path: Assets/Post Process/Chap1P2 Fog.vfx
  artifactKey: Guid(c1923fbeaee25434e9201f046a1d35ce) Importer(815301076,1909f56bfc062723c751e8b465ee728b)
Start importing Assets/Post Process/Chap1P2 Fog.vfx using Guid(c1923fbeaee25434e9201f046a1d35ce) Importer(815301076,1909f56bfc062723c751e8b465ee728b)  -> (artifact id: 'afb05f1f49fd04ae37300cfed27e09a7') in 0.013352 seconds 
========================================================================
Received Import Request.
  Time since last request: 16.279616 seconds.
  path: Assets/Post Process/Chap1P2 Fog.vfx
  artifactKey: Guid(c1923fbeaee25434e9201f046a1d35ce) Importer(815301076,1909f56bfc062723c751e8b465ee728b)
Start importing Assets/Post Process/Chap1P2 Fog.vfx using Guid(c1923fbeaee25434e9201f046a1d35ce) Importer(815301076,1909f56bfc062723c751e8b465ee728b)  -> (artifact id: 'e03b70f1e639387b89cde2eaf5f913cf') in 0.002564 seconds 
========================================================================
Received Import Request.
  Time since last request: 2.105896 seconds.
  path: Assets/Post Process/Chap1P2 Fog.vfx
  artifactKey: Guid(c1923fbeaee25434e9201f046a1d35ce) Importer(815301076,1909f56bfc062723c751e8b465ee728b)
Start importing Assets/Post Process/Chap1P2 Fog.vfx using Guid(c1923fbeaee25434e9201f046a1d35ce) Importer(815301076,1909f56bfc062723c751e8b465ee728b)  -> (artifact id: '66123069e45375a1336d47b9b12ec3c0') in 0.002319 seconds 
========================================================================
Received Import Request.
  Time since last request: 7.330202 seconds.
  path: Assets/Post Process/Chap1P2 Fog.vfx
  artifactKey: Guid(c1923fbeaee25434e9201f046a1d35ce) Importer(815301076,1909f56bfc062723c751e8b465ee728b)
Start importing Assets/Post Process/Chap1P2 Fog.vfx using Guid(c1923fbeaee25434e9201f046a1d35ce) Importer(815301076,1909f56bfc062723c751e8b465ee728b)  -> (artifact id: '0ea77173d63a9b171f647da0ef2d9d20') in 0.002295 seconds 
========================================================================
Received Import Request.
  Time since last request: 17.753594 seconds.
  path: Assets/Post Process/Chap1P2 Fog.vfx
  artifactKey: Guid(c1923fbeaee25434e9201f046a1d35ce) Importer(815301076,1909f56bfc062723c751e8b465ee728b)
Start importing Assets/Post Process/Chap1P2 Fog.vfx using Guid(c1923fbeaee25434e9201f046a1d35ce) Importer(815301076,1909f56bfc062723c751e8b465ee728b)  -> (artifact id: '03d4b39d92411581c3978e63478b59b8') in 0.002429 seconds 
========================================================================
Received Prepare
Registering precompiled user dll's ...
Registered in 0.002592 seconds.
Begin MonoManager ReloadAssembly
Symbol file LoadedFromMemory doesn't match image P:\Github\Wisteria-Constellation\Constellations-Finals\Library\PackageCache\com.unity.collab-proxy@1.15.15\Lib\Editor\PlasticSCM\unityplastic.dll
Native extension for WindowsStandalone target not found
Refreshing native plugins compatible for Editor in 0.81 ms, found 3 plugins.
Preloading 0 native plugins for Editor in 0.00 ms.
Mono: successfully reloaded assembly
- Completed reload, in  1.126 seconds
Domain Reload Profiling:
	ReloadAssembly (1126ms)
		BeginReloadAssembly (110ms)
			ExecutionOrderSort (0ms)
			DisableScriptedObjects (6ms)
			BackupInstance (0ms)
			ReleaseScriptingObjects (0ms)
			CreateAndSetChildDomain (36ms)
		EndReloadAssembly (961ms)
			LoadAssemblies (97ms)
			RebuildTransferFunctionScriptingTraits (0ms)
			SetupTypeCache (342ms)
			ReleaseScriptCaches (2ms)
			RebuildScriptCaches (72ms)
			SetupLoadedEditorAssemblies (317ms)
				LogAssemblyErrors (0ms)
				InitializePlatformSupportModulesInManaged (3ms)
				SetLoadedEditorAssemblies (1ms)
				RefreshPlugins (1ms)
				BeforeProcessingInitializeOnLoad (103ms)
				ProcessInitializeOnLoadAttributes (194ms)
				ProcessInitializeOnLoadMethodAttributes (12ms)
				AfterProcessingInitializeOnLoad (2ms)
				EditorAssembliesLoaded (0ms)
			ExecutionOrderSort2 (0ms)
			AwakeInstancesAfterBackupRestoration (13ms)
Platform modules already initialized, skipping
Refreshing native plugins compatible for Editor in 0.73 ms, found 3 plugins.
Preloading 0 native plugins for Editor in 0.00 ms.
Unloading 3791 Unused Serialized files (Serialized files now loaded: 0)
System memory in use before: 157.3 MB.
System memory in use after: 157.3 MB.

Unloading 21 unused Assets to reduce memory usage. Loaded Objects now: 4367.
Total: 3.510800 ms (FindLiveObjects: 0.292600 ms CreateObjectMapping: 0.201700 ms MarkObjects: 2.890500 ms  DeleteObjects: 0.125000 ms)

AssetImportParameters requested are different than current active one (requested -> active):
  custom:framework-win-MediaFoundation: 216162199b28c13a410421893ffa2e32 -> 
  custom:video-decoder-ogg-theora: a1e56fd34408186e4bbccfd4996cb3dc -> 
  custom:container-muxer-webm: aa71ff27fc2769a1b78a27578f13a17b -> 
  custom:container-demuxer-webm: 4f35f7cbe854078d1ac9338744f61a02 -> 
  custom:container-demuxer-ogg: 62fdf1f143b41e24485cea50d1cbac27 -> 
  custom:video-encoder-webm-vp8: eb34c28f22e8b96e1ab97ce403110664 -> 
  custom:video-decoder-webm-vp8: 9c59270c3fd7afecdb556c50c9e8de78 -> 
  custom:audio-decoder-ogg-vorbis: bf7c407c2cedff20999df2af8eb42d56 -> 
  custom:audio-encoder-webm-vorbis: bf7c407c2cedff20999df2af8eb42d56 -> 
========================================================================
Received Import Request.
  Time since last request: 177.260789 seconds.
  path: Assets/Post Process/Chap1P2 Fog.vfx
  artifactKey: Guid(c1923fbeaee25434e9201f046a1d35ce) Importer(815301076,1909f56bfc062723c751e8b465ee728b)
Start importing Assets/Post Process/Chap1P2 Fog.vfx using Guid(c1923fbeaee25434e9201f046a1d35ce) Importer(815301076,1909f56bfc062723c751e8b465ee728b)  -> (artifact id: '3a12e9a337a72cb396cc768de1554b70') in 0.018669 seconds 
========================================================================
Received Import Request.
  Time since last request: 78.472365 seconds.
  path: Assets/Post Process/Chap1P2 Fog.vfx
  artifactKey: Guid(c1923fbeaee25434e9201f046a1d35ce) Importer(815301076,1909f56bfc062723c751e8b465ee728b)
Start importing Assets/Post Process/Chap1P2 Fog.vfx using Guid(c1923fbeaee25434e9201f046a1d35ce) Importer(815301076,1909f56bfc062723c751e8b465ee728b)  -> (artifact id: '2fec133088bf6789b184c3be87604840') in 0.002472 seconds 
========================================================================
Received Import Request.
  Time since last request: 24.668043 seconds.
  path: Assets/Post Process/Chap1P2 Fog.vfx
  artifactKey: Guid(c1923fbeaee25434e9201f046a1d35ce) Importer(815301076,1909f56bfc062723c751e8b465ee728b)
Start importing Assets/Post Process/Chap1P2 Fog.vfx using Guid(c1923fbeaee25434e9201f046a1d35ce) Importer(815301076,1909f56bfc062723c751e8b465ee728b)  -> (artifact id: 'e68fa1a7e23e0b3b09d03d2f40bdc105') in 0.002403 seconds 
========================================================================
Received Import Request.
  Time since last request: 51.796912 seconds.
  path: Assets/Post Process/Chap1P2 Fog.vfx
  artifactKey: Guid(c1923fbeaee25434e9201f046a1d35ce) Importer(815301076,1909f56bfc062723c751e8b465ee728b)
Start importing Assets/Post Process/Chap1P2 Fog.vfx using Guid(c1923fbeaee25434e9201f046a1d35ce) Importer(815301076,1909f56bfc062723c751e8b465ee728b)  -> (artifact id: '152b9c38c5fec770fc847e2e0617efd9') in 0.002593 seconds 
========================================================================
Received Import Request.
  Time since last request: 6.554256 seconds.
  path: Assets/Post Process/Chap1P2 Fog.vfx
  artifactKey: Guid(c1923fbeaee25434e9201f046a1d35ce) Importer(815301076,1909f56bfc062723c751e8b465ee728b)
Start importing Assets/Post Process/Chap1P2 Fog.vfx using Guid(c1923fbeaee25434e9201f046a1d35ce) Importer(815301076,1909f56bfc062723c751e8b465ee728b)  -> (artifact id: 'f1b177b6d32544e7b8b1b4423d0f00c0') in 0.002324 seconds 
========================================================================
Received Import Request.
  Time since last request: 2.892470 seconds.
  path: Assets/Post Process/Chap1P2 Fog.vfx
  artifactKey: Guid(c1923fbeaee25434e9201f046a1d35ce) Importer(815301076,1909f56bfc062723c751e8b465ee728b)
Start importing Assets/Post Process/Chap1P2 Fog.vfx using Guid(c1923fbeaee25434e9201f046a1d35ce) Importer(815301076,1909f56bfc062723c751e8b465ee728b)  -> (artifact id: '2198511ffc7d653dfb6489809442d1ad') in 0.002360 seconds 
========================================================================
Received Import Request.
  Time since last request: 62.943618 seconds.
  path: Assets/Post Process/Chap1P2 Fog.vfx
  artifactKey: Guid(c1923fbeaee25434e9201f046a1d35ce) Importer(815301076,1909f56bfc062723c751e8b465ee728b)
Start importing Assets/Post Process/Chap1P2 Fog.vfx using Guid(c1923fbeaee25434e9201f046a1d35ce) Importer(815301076,1909f56bfc062723c751e8b465ee728b)  -> (artifact id: '7960a5119b62620f5109ddb3650d1d44') in 0.002347 seconds 
========================================================================
Received Import Request.
  Time since last request: 24.943676 seconds.
  path: Assets/Post Process/Fog VFX.vfx
  artifactKey: Guid(7301f5c7bc4bd7542991df12b527051e) Importer(815301076,1909f56bfc062723c751e8b465ee728b)
Start importing Assets/Post Process/Fog VFX.vfx using Guid(7301f5c7bc4bd7542991df12b527051e) Importer(815301076,1909f56bfc062723c751e8b465ee728b)  -> (artifact id: '827feea9b9e5aad89c6606ff519b2264') in 0.007089 seconds 
========================================================================
Received Import Request.
  Time since last request: 197.594339 seconds.
  path: Assets/Post Process/Fog VFX.vfx
  artifactKey: Guid(7301f5c7bc4bd7542991df12b527051e) Importer(815301076,1909f56bfc062723c751e8b465ee728b)
Start importing Assets/Post Process/Fog VFX.vfx using Guid(7301f5c7bc4bd7542991df12b527051e) Importer(815301076,1909f56bfc062723c751e8b465ee728b)  -> (artifact id: '9b55f139ec1bfe7e0c789ba2cb242215') in 0.002782 seconds 
========================================================================
Received Import Request.
  Time since last request: 39.765831 seconds.
  path: Assets/Post Process/Fog VFX.vfx
  artifactKey: Guid(7301f5c7bc4bd7542991df12b527051e) Importer(815301076,1909f56bfc062723c751e8b465ee728b)
Start importing Assets/Post Process/Fog VFX.vfx using Guid(7301f5c7bc4bd7542991df12b527051e) Importer(815301076,1909f56bfc062723c751e8b465ee728b)  -> (artifact id: '45e61b83966004013578a69f6f18e3fe') in 0.002834 seconds 
========================================================================
Received Import Request.
  Time since last request: 39.010863 seconds.
  path: Assets/Post Process/Fog VFX.vfx
  artifactKey: Guid(7301f5c7bc4bd7542991df12b527051e) Importer(815301076,1909f56bfc062723c751e8b465ee728b)
Start importing Assets/Post Process/Fog VFX.vfx using Guid(7301f5c7bc4bd7542991df12b527051e) Importer(815301076,1909f56bfc062723c751e8b465ee728b)  -> (artifact id: '160fe7e7ef12262e847edb7c67cb6376') in 0.002707 seconds 
========================================================================
Received Import Request.
  Time since last request: 23.041797 seconds.
  path: Assets/Post Process/Fog VFX.vfx
  artifactKey: Guid(7301f5c7bc4bd7542991df12b527051e) Importer(815301076,1909f56bfc062723c751e8b465ee728b)
Start importing Assets/Post Process/Fog VFX.vfx using Guid(7301f5c7bc4bd7542991df12b527051e) Importer(815301076,1909f56bfc062723c751e8b465ee728b)  -> (artifact id: '1a77875fc1dfd4adc567091d7e11b423') in 0.002612 seconds 
========================================================================
Received Import Request.
  Time since last request: 51.254514 seconds.
  path: Assets/Post Process/Fog VFX.vfx
  artifactKey: Guid(7301f5c7bc4bd7542991df12b527051e) Importer(815301076,1909f56bfc062723c751e8b465ee728b)
Start importing Assets/Post Process/Fog VFX.vfx using Guid(7301f5c7bc4bd7542991df12b527051e) Importer(815301076,1909f56bfc062723c751e8b465ee728b)  -> (artifact id: '67078f2636492b52307e410484e9f234') in 0.002831 seconds 
========================================================================
Received Prepare
Registering precompiled user dll's ...
Registered in 0.002528 seconds.
Begin MonoManager ReloadAssembly
Symbol file LoadedFromMemory doesn't match image P:\Github\Wisteria-Constellation\Constellations-Finals\Library\PackageCache\com.unity.collab-proxy@1.15.15\Lib\Editor\PlasticSCM\unityplastic.dll
Native extension for WindowsStandalone target not found
Refreshing native plugins compatible for Editor in 0.90 ms, found 3 plugins.
Preloading 0 native plugins for Editor in 0.00 ms.
Mono: successfully reloaded assembly
- Completed reload, in  1.169 seconds
Domain Reload Profiling:
	ReloadAssembly (1170ms)
		BeginReloadAssembly (114ms)
			ExecutionOrderSort (0ms)
			DisableScriptedObjects (7ms)
			BackupInstance (0ms)
			ReleaseScriptingObjects (0ms)
			CreateAndSetChildDomain (38ms)
		EndReloadAssembly (998ms)
			LoadAssemblies (99ms)
			RebuildTransferFunctionScriptingTraits (0ms)
			SetupTypeCache (367ms)
			ReleaseScriptCaches (2ms)
			RebuildScriptCaches (77ms)
			SetupLoadedEditorAssemblies (336ms)
				LogAssemblyErrors (0ms)
				InitializePlatformSupportModulesInManaged (4ms)
				SetLoadedEditorAssemblies (1ms)
				RefreshPlugins (1ms)
				BeforeProcessingInitializeOnLoad (108ms)
				ProcessInitializeOnLoadAttributes (207ms)
				ProcessInitializeOnLoadMethodAttributes (13ms)
				AfterProcessingInitializeOnLoad (2ms)
				EditorAssembliesLoaded (0ms)
			ExecutionOrderSort2 (0ms)
			AwakeInstancesAfterBackupRestoration (13ms)
Platform modules already initialized, skipping
Refreshing native plugins compatible for Editor in 1.32 ms, found 3 plugins.
Preloading 0 native plugins for Editor in 0.00 ms.
Unloading 3791 Unused Serialized files (Serialized files now loaded: 0)
System memory in use before: 157.3 MB.
System memory in use after: 157.4 MB.

Unloading 21 unused Assets to reduce memory usage. Loaded Objects now: 4370.
Total: 3.627600 ms (FindLiveObjects: 0.262100 ms CreateObjectMapping: 0.164900 ms MarkObjects: 3.065300 ms  DeleteObjects: 0.134200 ms)

AssetImportParameters requested are different than current active one (requested -> active):
  custom:framework-win-MediaFoundation: 216162199b28c13a410421893ffa2e32 -> 
  custom:video-decoder-ogg-theora: a1e56fd34408186e4bbccfd4996cb3dc -> 
  custom:container-muxer-webm: aa71ff27fc2769a1b78a27578f13a17b -> 
  custom:container-demuxer-webm: 4f35f7cbe854078d1ac9338744f61a02 -> 
  custom:container-demuxer-ogg: 62fdf1f143b41e24485cea50d1cbac27 -> 
  custom:video-encoder-webm-vp8: eb34c28f22e8b96e1ab97ce403110664 -> 
  custom:video-decoder-webm-vp8: 9c59270c3fd7afecdb556c50c9e8de78 -> 
  custom:audio-decoder-ogg-vorbis: bf7c407c2cedff20999df2af8eb42d56 -> 
  custom:audio-encoder-webm-vorbis: bf7c407c2cedff20999df2af8eb42d56 -> 
========================================================================
Received Import Request.
  Time since last request: 44.635142 seconds.
  path: Assets/Post Process/Fog VFX.vfx
  artifactKey: Guid(7301f5c7bc4bd7542991df12b527051e) Importer(815301076,1909f56bfc062723c751e8b465ee728b)
Start importing Assets/Post Process/Fog VFX.vfx using Guid(7301f5c7bc4bd7542991df12b527051e) Importer(815301076,1909f56bfc062723c751e8b465ee728b)  -> (artifact id: 'c8f07fead151126d668d9ab0de902e13') in 0.014526 seconds 
========================================================================
Received Prepare
Registering precompiled user dll's ...
Registered in 0.002377 seconds.
Begin MonoManager ReloadAssembly
Symbol file LoadedFromMemory doesn't match image P:\Github\Wisteria-Constellation\Constellations-Finals\Library\PackageCache\com.unity.collab-proxy@1.15.15\Lib\Editor\PlasticSCM\unityplastic.dll
Native extension for WindowsStandalone target not found
Refreshing native plugins compatible for Editor in 0.76 ms, found 3 plugins.
Preloading 0 native plugins for Editor in 0.00 ms.
Mono: successfully reloaded assembly
- Completed reload, in  1.094 seconds
Domain Reload Profiling:
	ReloadAssembly (1094ms)
		BeginReloadAssembly (110ms)
			ExecutionOrderSort (0ms)
			DisableScriptedObjects (8ms)
			BackupInstance (0ms)
			ReleaseScriptingObjects (0ms)
			CreateAndSetChildDomain (34ms)
		EndReloadAssembly (932ms)
			LoadAssemblies (93ms)
			RebuildTransferFunctionScriptingTraits (0ms)
			SetupTypeCache (337ms)
			ReleaseScriptCaches (2ms)
			RebuildScriptCaches (72ms)
			SetupLoadedEditorAssemblies (311ms)
				LogAssemblyErrors (0ms)
				InitializePlatformSupportModulesInManaged (3ms)
				SetLoadedEditorAssemblies (1ms)
				RefreshPlugins (1ms)
				BeforeProcessingInitializeOnLoad (100ms)
				ProcessInitializeOnLoadAttributes (191ms)
				ProcessInitializeOnLoadMethodAttributes (12ms)
				AfterProcessingInitializeOnLoad (2ms)
				EditorAssembliesLoaded (0ms)
			ExecutionOrderSort2 (0ms)
			AwakeInstancesAfterBackupRestoration (12ms)
Platform modules already initialized, skipping
Refreshing native plugins compatible for Editor in 0.83 ms, found 3 plugins.
Preloading 0 native plugins for Editor in 0.00 ms.
Unloading 3791 Unused Serialized files (Serialized files now loaded: 0)
System memory in use before: 157.3 MB.
System memory in use after: 157.4 MB.

Unloading 21 unused Assets to reduce memory usage. Loaded Objects now: 4373.
Total: 3.512600 ms (FindLiveObjects: 0.291400 ms CreateObjectMapping: 0.191500 ms MarkObjects: 2.900400 ms  DeleteObjects: 0.128500 ms)

AssetImportParameters requested are different than current active one (requested -> active):
  custom:framework-win-MediaFoundation: 216162199b28c13a410421893ffa2e32 -> 
  custom:video-decoder-ogg-theora: a1e56fd34408186e4bbccfd4996cb3dc -> 
  custom:container-muxer-webm: aa71ff27fc2769a1b78a27578f13a17b -> 
  custom:container-demuxer-webm: 4f35f7cbe854078d1ac9338744f61a02 -> 
  custom:container-demuxer-ogg: 62fdf1f143b41e24485cea50d1cbac27 -> 
  custom:video-encoder-webm-vp8: eb34c28f22e8b96e1ab97ce403110664 -> 
  custom:video-decoder-webm-vp8: 9c59270c3fd7afecdb556c50c9e8de78 -> 
  custom:audio-decoder-ogg-vorbis: bf7c407c2cedff20999df2af8eb42d56 -> 
  custom:audio-encoder-webm-vorbis: bf7c407c2cedff20999df2af8eb42d56 -> 
========================================================================
Received Import Request.
  Time since last request: 210.982001 seconds.
  path: Assets/Post Process/UniversalRenderPipelineAsset 1.asset
  artifactKey: Guid(ece4af6193ed8f743baf44e471d5bd57) Importer(815301076,1909f56bfc062723c751e8b465ee728b)
Start importing Assets/Post Process/UniversalRenderPipelineAsset 1.asset using Guid(ece4af6193ed8f743baf44e471d5bd57) Importer(815301076,1909f56bfc062723c751e8b465ee728b)  -> (artifact id: 'e2a3bf012bc13ddff647587f83a0da59') in 0.022941 seconds 
========================================================================
Received Import Request.
  Time since last request: 0.000157 seconds.
  path: Assets/Post Process/UniversalRenderPipelineAsset 1_Renderer.asset
  artifactKey: Guid(0ba318510df2f774d97acad48aed8689) Importer(815301076,1909f56bfc062723c751e8b465ee728b)
Start importing Assets/Post Process/UniversalRenderPipelineAsset 1_Renderer.asset using Guid(0ba318510df2f774d97acad48aed8689) Importer(815301076,1909f56bfc062723c751e8b465ee728b)  -> (artifact id: 'b793fcec35b8d4bd38ebaa20d0872b4f') in 0.008472 seconds 
========================================================================
Received Prepare
Registering precompiled user dll's ...
Registered in 0.002568 seconds.
Begin MonoManager ReloadAssembly
Symbol file LoadedFromMemory doesn't match image P:\Github\Wisteria-Constellation\Constellations-Finals\Library\PackageCache\com.unity.collab-proxy@1.15.15\Lib\Editor\PlasticSCM\unityplastic.dll
Native extension for WindowsStandalone target not found
Refreshing native plugins compatible for Editor in 0.79 ms, found 3 plugins.
Preloading 0 native plugins for Editor in 0.00 ms.
Mono: successfully reloaded assembly
- Completed reload, in  1.096 seconds
Domain Reload Profiling:
	ReloadAssembly (1097ms)
		BeginReloadAssembly (107ms)
			ExecutionOrderSort (0ms)
			DisableScriptedObjects (6ms)
			BackupInstance (0ms)
			ReleaseScriptingObjects (0ms)
			CreateAndSetChildDomain (34ms)
		EndReloadAssembly (933ms)
			LoadAssemblies (94ms)
			RebuildTransferFunctionScriptingTraits (0ms)
			SetupTypeCache (335ms)
			ReleaseScriptCaches (2ms)
			RebuildScriptCaches (72ms)
			SetupLoadedEditorAssemblies (320ms)
				LogAssemblyErrors (0ms)
				InitializePlatformSupportModulesInManaged (3ms)
				SetLoadedEditorAssemblies (1ms)
				RefreshPlugins (1ms)
				BeforeProcessingInitializeOnLoad (105ms)
				ProcessInitializeOnLoadAttributes (196ms)
				ProcessInitializeOnLoadMethodAttributes (12ms)
				AfterProcessingInitializeOnLoad (2ms)
				EditorAssembliesLoaded (0ms)
			ExecutionOrderSort2 (0ms)
			AwakeInstancesAfterBackupRestoration (12ms)
Platform modules already initialized, skipping
Refreshing native plugins compatible for Editor in 0.74 ms, found 3 plugins.
Preloading 0 native plugins for Editor in 0.00 ms.
Unloading 3791 Unused Serialized files (Serialized files now loaded: 0)
System memory in use before: 157.3 MB.
System memory in use after: 157.4 MB.

Unloading 21 unused Assets to reduce memory usage. Loaded Objects now: 4376.
Total: 3.566200 ms (FindLiveObjects: 0.281700 ms CreateObjectMapping: 0.184300 ms MarkObjects: 2.971200 ms  DeleteObjects: 0.128200 ms)

AssetImportParameters requested are different than current active one (requested -> active):
  custom:framework-win-MediaFoundation: 216162199b28c13a410421893ffa2e32 -> 
  custom:video-decoder-ogg-theora: a1e56fd34408186e4bbccfd4996cb3dc -> 
  custom:container-muxer-webm: aa71ff27fc2769a1b78a27578f13a17b -> 
  custom:container-demuxer-webm: 4f35f7cbe854078d1ac9338744f61a02 -> 
  custom:container-demuxer-ogg: 62fdf1f143b41e24485cea50d1cbac27 -> 
  custom:video-encoder-webm-vp8: eb34c28f22e8b96e1ab97ce403110664 -> 
  custom:video-decoder-webm-vp8: 9c59270c3fd7afecdb556c50c9e8de78 -> 
  custom:audio-decoder-ogg-vorbis: bf7c407c2cedff20999df2af8eb42d56 -> 
  custom:audio-encoder-webm-vorbis: bf7c407c2cedff20999df2af8eb42d56 -> 
========================================================================
Received Import Request.
  Time since last request: 125.970505 seconds.
  path: Assets/Post Process/Fog VFX.vfx
  artifactKey: Guid(7301f5c7bc4bd7542991df12b527051e) Importer(815301076,1909f56bfc062723c751e8b465ee728b)
Start importing Assets/Post Process/Fog VFX.vfx using Guid(7301f5c7bc4bd7542991df12b527051e) Importer(815301076,1909f56bfc062723c751e8b465ee728b)  -> (artifact id: 'f8f30a6c5469fde53ba4eacd33088fd4') in 0.014222 seconds 
========================================================================
Received Prepare
Registering precompiled user dll's ...
Registered in 0.002367 seconds.
Begin MonoManager ReloadAssembly
Symbol file LoadedFromMemory doesn't match image P:\Github\Wisteria-Constellation\Constellations-Finals\Library\PackageCache\com.unity.collab-proxy@1.15.15\Lib\Editor\PlasticSCM\unityplastic.dll
Native extension for WindowsStandalone target not found
Refreshing native plugins compatible for Editor in 0.79 ms, found 3 plugins.
Preloading 0 native plugins for Editor in 0.00 ms.
Mono: successfully reloaded assembly
- Completed reload, in  1.065 seconds
Domain Reload Profiling:
	ReloadAssembly (1066ms)
		BeginReloadAssembly (106ms)
			ExecutionOrderSort (0ms)
			DisableScriptedObjects (7ms)
			BackupInstance (0ms)
			ReleaseScriptingObjects (0ms)
			CreateAndSetChildDomain (34ms)
		EndReloadAssembly (905ms)
			LoadAssemblies (92ms)
			RebuildTransferFunctionScriptingTraits (0ms)
			SetupTypeCache (332ms)
			ReleaseScriptCaches (2ms)
			RebuildScriptCaches (70ms)
			SetupLoadedEditorAssemblies (305ms)
				LogAssemblyErrors (0ms)
				InitializePlatformSupportModulesInManaged (3ms)
				SetLoadedEditorAssemblies (1ms)
				RefreshPlugins (1ms)
				BeforeProcessingInitializeOnLoad (100ms)
				ProcessInitializeOnLoadAttributes (185ms)
				ProcessInitializeOnLoadMethodAttributes (12ms)
				AfterProcessingInitializeOnLoad (2ms)
				EditorAssembliesLoaded (0ms)
			ExecutionOrderSort2 (0ms)
			AwakeInstancesAfterBackupRestoration (12ms)
Platform modules already initialized, skipping
Refreshing native plugins compatible for Editor in 0.74 ms, found 3 plugins.
Preloading 0 native plugins for Editor in 0.00 ms.
Unloading 3791 Unused Serialized files (Serialized files now loaded: 0)
System memory in use before: 157.3 MB.
System memory in use after: 157.4 MB.

Unloading 21 unused Assets to reduce memory usage. Loaded Objects now: 4379.
Total: 3.361700 ms (FindLiveObjects: 0.272300 ms CreateObjectMapping: 0.195500 ms MarkObjects: 2.772000 ms  DeleteObjects: 0.121200 ms)

AssetImportParameters requested are different than current active one (requested -> active):
  custom:framework-win-MediaFoundation: 216162199b28c13a410421893ffa2e32 -> 
  custom:video-decoder-ogg-theora: a1e56fd34408186e4bbccfd4996cb3dc -> 
  custom:container-muxer-webm: aa71ff27fc2769a1b78a27578f13a17b -> 
  custom:container-demuxer-webm: 4f35f7cbe854078d1ac9338744f61a02 -> 
  custom:container-demuxer-ogg: 62fdf1f143b41e24485cea50d1cbac27 -> 
  custom:video-encoder-webm-vp8: eb34c28f22e8b96e1ab97ce403110664 -> 
  custom:video-decoder-webm-vp8: 9c59270c3fd7afecdb556c50c9e8de78 -> 
  custom:audio-decoder-ogg-vorbis: bf7c407c2cedff20999df2af8eb42d56 -> 
  custom:audio-encoder-webm-vorbis: bf7c407c2cedff20999df2af8eb42d56 -> 
========================================================================
Received Import Request.
  Time since last request: 78.280769 seconds.
  path: Assets/Post Process/Fog VFX.vfx
  artifactKey: Guid(7301f5c7bc4bd7542991df12b527051e) Importer(815301076,1909f56bfc062723c751e8b465ee728b)
Start importing Assets/Post Process/Fog VFX.vfx using Guid(7301f5c7bc4bd7542991df12b527051e) Importer(815301076,1909f56bfc062723c751e8b465ee728b)  -> (artifact id: '1cf9fdc8eec88af3cf8a6cdeed7c765e') in 0.016518 seconds 
========================================================================
Received Import Request.
  Time since last request: 5.672722 seconds.
  path: Assets/Post Process/Fog VFX.vfx
  artifactKey: Guid(7301f5c7bc4bd7542991df12b527051e) Importer(815301076,1909f56bfc062723c751e8b465ee728b)
Start importing Assets/Post Process/Fog VFX.vfx using Guid(7301f5c7bc4bd7542991df12b527051e) Importer(815301076,1909f56bfc062723c751e8b465ee728b)  -> (artifact id: '24aa6f3f73e6dc5868906cec80c1805c') in 0.002933 seconds 
========================================================================
Received Import Request.
  Time since last request: 67.494346 seconds.
  path: Assets/Post Process/Fog VFX.vfx
  artifactKey: Guid(7301f5c7bc4bd7542991df12b527051e) Importer(815301076,1909f56bfc062723c751e8b465ee728b)
Start importing Assets/Post Process/Fog VFX.vfx using Guid(7301f5c7bc4bd7542991df12b527051e) Importer(815301076,1909f56bfc062723c751e8b465ee728b)  -> (artifact id: '8479bddbd7826bba31d5273aaa1a042b') in 0.002783 seconds 
========================================================================
Received Import Request.
  Time since last request: 20.232180 seconds.
  path: Assets/Post Process/Fog VFX.vfx
  artifactKey: Guid(7301f5c7bc4bd7542991df12b527051e) Importer(815301076,1909f56bfc062723c751e8b465ee728b)
Start importing Assets/Post Process/Fog VFX.vfx using Guid(7301f5c7bc4bd7542991df12b527051e) Importer(815301076,1909f56bfc062723c751e8b465ee728b)  -> (artifact id: '8669e0e986ec0a640dafe18218332272') in 0.002822 seconds 
========================================================================
Received Import Request.
  Time since last request: 74.533044 seconds.
  path: Assets/Post Process/Fog VFX.vfx
  artifactKey: Guid(7301f5c7bc4bd7542991df12b527051e) Importer(815301076,1909f56bfc062723c751e8b465ee728b)
Start importing Assets/Post Process/Fog VFX.vfx using Guid(7301f5c7bc4bd7542991df12b527051e) Importer(815301076,1909f56bfc062723c751e8b465ee728b)  -> (artifact id: '1c848c7c4cb370e949e76b2f4730d3ab') in 0.002903 seconds 
========================================================================
Received Import Request.
  Time since last request: 31.501516 seconds.
  path: Assets/Post Process/Fog VFX.vfx
  artifactKey: Guid(7301f5c7bc4bd7542991df12b527051e) Importer(815301076,1909f56bfc062723c751e8b465ee728b)
Start importing Assets/Post Process/Fog VFX.vfx using Guid(7301f5c7bc4bd7542991df12b527051e) Importer(815301076,1909f56bfc062723c751e8b465ee728b)  -> (artifact id: '37c02397ca8c6f1a5c84724b69ce8846') in 0.002873 seconds 
========================================================================
Received Import Request.
  Time since last request: 5.763460 seconds.
  path: Assets/Post Process/Fog VFX.vfx
  artifactKey: Guid(7301f5c7bc4bd7542991df12b527051e) Importer(815301076,1909f56bfc062723c751e8b465ee728b)
Start importing Assets/Post Process/Fog VFX.vfx using Guid(7301f5c7bc4bd7542991df12b527051e) Importer(815301076,1909f56bfc062723c751e8b465ee728b)  -> (artifact id: '200bab6e1e9ed2a41b71bab9feb5bcb6') in 0.002793 seconds 
========================================================================
Received Import Request.
  Time since last request: 55.865537 seconds.
  path: Assets/Post Process/Fog VFX.vfx
  artifactKey: Guid(7301f5c7bc4bd7542991df12b527051e) Importer(815301076,1909f56bfc062723c751e8b465ee728b)
Start importing Assets/Post Process/Fog VFX.vfx using Guid(7301f5c7bc4bd7542991df12b527051e) Importer(815301076,1909f56bfc062723c751e8b465ee728b)  -> (artifact id: '136f2867dd550cd3a411b330cbc4eccc') in 0.002799 seconds 
========================================================================
Received Import Request.
  Time since last request: 38.235112 seconds.
  path: Assets/Post Process/Fog VFX.vfx
  artifactKey: Guid(7301f5c7bc4bd7542991df12b527051e) Importer(815301076,1909f56bfc062723c751e8b465ee728b)
Start importing Assets/Post Process/Fog VFX.vfx using Guid(7301f5c7bc4bd7542991df12b527051e) Importer(815301076,1909f56bfc062723c751e8b465ee728b)  -> (artifact id: '0d6f96f89b9f7f06acbaae2a2c296dfc') in 0.002723 seconds 
========================================================================
Received Prepare
Registering precompiled user dll's ...
Registered in 0.002479 seconds.
Begin MonoManager ReloadAssembly
Symbol file LoadedFromMemory doesn't match image P:\Github\Wisteria-Constellation\Constellations-Finals\Library\PackageCache\com.unity.collab-proxy@1.15.15\Lib\Editor\PlasticSCM\unityplastic.dll
Native extension for WindowsStandalone target not found
Refreshing native plugins compatible for Editor in 0.84 ms, found 3 plugins.
Preloading 0 native plugins for Editor in 0.00 ms.
Mono: successfully reloaded assembly
- Completed reload, in  1.090 seconds
Domain Reload Profiling:
	ReloadAssembly (1091ms)
		BeginReloadAssembly (109ms)
			ExecutionOrderSort (0ms)
			DisableScriptedObjects (6ms)
			BackupInstance (0ms)
			ReleaseScriptingObjects (0ms)
			CreateAndSetChildDomain (36ms)
		EndReloadAssembly (928ms)
			LoadAssemblies (93ms)
			RebuildTransferFunctionScriptingTraits (0ms)
			SetupTypeCache (335ms)
			ReleaseScriptCaches (2ms)
			RebuildScriptCaches (74ms)
			SetupLoadedEditorAssemblies (314ms)
				LogAssemblyErrors (0ms)
				InitializePlatformSupportModulesInManaged (4ms)
				SetLoadedEditorAssemblies (1ms)
				RefreshPlugins (1ms)
				BeforeProcessingInitializeOnLoad (102ms)
				ProcessInitializeOnLoadAttributes (193ms)
				ProcessInitializeOnLoadMethodAttributes (12ms)
				AfterProcessingInitializeOnLoad (2ms)
				EditorAssembliesLoaded (0ms)
			ExecutionOrderSort2 (0ms)
			AwakeInstancesAfterBackupRestoration (12ms)
Platform modules already initialized, skipping
Refreshing native plugins compatible for Editor in 0.79 ms, found 3 plugins.
Preloading 0 native plugins for Editor in 0.00 ms.
Unloading 3791 Unused Serialized files (Serialized files now loaded: 0)
System memory in use before: 157.3 MB.
System memory in use after: 157.4 MB.

Unloading 21 unused Assets to reduce memory usage. Loaded Objects now: 4382.
Total: 3.709100 ms (FindLiveObjects: 0.320900 ms CreateObjectMapping: 0.200300 ms MarkObjects: 3.062800 ms  DeleteObjects: 0.124200 ms)

AssetImportParameters requested are different than current active one (requested -> active):
  custom:framework-win-MediaFoundation: 216162199b28c13a410421893ffa2e32 -> 
  custom:video-decoder-ogg-theora: a1e56fd34408186e4bbccfd4996cb3dc -> 
  custom:container-muxer-webm: aa71ff27fc2769a1b78a27578f13a17b -> 
  custom:container-demuxer-webm: 4f35f7cbe854078d1ac9338744f61a02 -> 
  custom:container-demuxer-ogg: 62fdf1f143b41e24485cea50d1cbac27 -> 
  custom:video-encoder-webm-vp8: eb34c28f22e8b96e1ab97ce403110664 -> 
  custom:video-decoder-webm-vp8: 9c59270c3fd7afecdb556c50c9e8de78 -> 
  custom:audio-decoder-ogg-vorbis: bf7c407c2cedff20999df2af8eb42d56 -> 
  custom:audio-encoder-webm-vorbis: bf7c407c2cedff20999df2af8eb42d56 -> 
========================================================================
Received Import Request.
  Time since last request: 17.658761 seconds.
  path: Assets/Post Process/Fog VFX.vfx
  artifactKey: Guid(7301f5c7bc4bd7542991df12b527051e) Importer(815301076,1909f56bfc062723c751e8b465ee728b)
Start importing Assets/Post Process/Fog VFX.vfx using Guid(7301f5c7bc4bd7542991df12b527051e) Importer(815301076,1909f56bfc062723c751e8b465ee728b)  -> (artifact id: '466858fad92f5a879ffcc315ff77601c') in 0.014100 seconds 
========================================================================
Received Import Request.
  Time since last request: 32.124722 seconds.
  path: Assets/Post Process/Fog VFX.vfx
  artifactKey: Guid(7301f5c7bc4bd7542991df12b527051e) Importer(815301076,1909f56bfc062723c751e8b465ee728b)
Start importing Assets/Post Process/Fog VFX.vfx using Guid(7301f5c7bc4bd7542991df12b527051e) Importer(815301076,1909f56bfc062723c751e8b465ee728b)  -> (artifact id: 'dd0572282dfd956427b838a0d596a273') in 0.002957 seconds 
========================================================================
Received Prepare
Registering precompiled user dll's ...
Registered in 0.002462 seconds.
Begin MonoManager ReloadAssembly
Symbol file LoadedFromMemory doesn't match image P:\Github\Wisteria-Constellation\Constellations-Finals\Library\PackageCache\com.unity.collab-proxy@1.15.15\Lib\Editor\PlasticSCM\unityplastic.dll
Native extension for WindowsStandalone target not found
Refreshing native plugins compatible for Editor in 0.79 ms, found 3 plugins.
Preloading 0 native plugins for Editor in 0.00 ms.
Mono: successfully reloaded assembly
- Completed reload, in  1.140 seconds
Domain Reload Profiling:
	ReloadAssembly (1141ms)
		BeginReloadAssembly (115ms)
			ExecutionOrderSort (0ms)
			DisableScriptedObjects (7ms)
			BackupInstance (0ms)
			ReleaseScriptingObjects (0ms)
			CreateAndSetChildDomain (38ms)
		EndReloadAssembly (970ms)
			LoadAssemblies (100ms)
			RebuildTransferFunctionScriptingTraits (0ms)
			SetupTypeCache (357ms)
			ReleaseScriptCaches (2ms)
			RebuildScriptCaches (74ms)
			SetupLoadedEditorAssemblies (326ms)
				LogAssemblyErrors (0ms)
				InitializePlatformSupportModulesInManaged (3ms)
				SetLoadedEditorAssemblies (1ms)
				RefreshPlugins (1ms)
				BeforeProcessingInitializeOnLoad (107ms)
				ProcessInitializeOnLoadAttributes (198ms)
				ProcessInitializeOnLoadMethodAttributes (13ms)
				AfterProcessingInitializeOnLoad (3ms)
				EditorAssembliesLoaded (0ms)
			ExecutionOrderSort2 (0ms)
			AwakeInstancesAfterBackupRestoration (13ms)
Platform modules already initialized, skipping
Switching render pipeline d66384c0b25b49a4889814e7f5deb5e7 -> 00000000000000000000000000000000
Refreshing native plugins compatible for Editor in 0.92 ms, found 3 plugins.
Preloading 0 native plugins for Editor in 0.00 ms.
Unloading 3791 Unused Serialized files (Serialized files now loaded: 0)
System memory in use before: 157.3 MB.
System memory in use after: 157.4 MB.

Unloading 21 unused Assets to reduce memory usage. Loaded Objects now: 4385.
Total: 3.744500 ms (FindLiveObjects: 0.293600 ms CreateObjectMapping: 0.208200 ms MarkObjects: 3.112200 ms  DeleteObjects: 0.129700 ms)

AssetImportParameters requested are different than current active one (requested -> active):
  custom:framework-win-MediaFoundation: 216162199b28c13a410421893ffa2e32 -> 
  custom:video-decoder-ogg-theora: a1e56fd34408186e4bbccfd4996cb3dc -> 
  custom:container-muxer-webm: aa71ff27fc2769a1b78a27578f13a17b -> 
  custom:container-demuxer-webm: 4f35f7cbe854078d1ac9338744f61a02 -> 
  custom:container-demuxer-ogg: 62fdf1f143b41e24485cea50d1cbac27 -> 
  custom:video-encoder-webm-vp8: eb34c28f22e8b96e1ab97ce403110664 -> 
  custom:video-decoder-webm-vp8: 9c59270c3fd7afecdb556c50c9e8de78 -> 
  custom:audio-decoder-ogg-vorbis: bf7c407c2cedff20999df2af8eb42d56 -> 
  custom:audio-encoder-webm-vorbis: bf7c407c2cedff20999df2af8eb42d56 -> 
========================================================================
Received Import Request.
  Time since last request: 335.837678 seconds.
  path: Assets/Post Process/Fog VFX.vfx
  artifactKey: Guid(7301f5c7bc4bd7542991df12b527051e) Importer(815301076,1909f56bfc062723c751e8b465ee728b)
Start importing Assets/Post Process/Fog VFX.vfx using Guid(7301f5c7bc4bd7542991df12b527051e) Importer(815301076,1909f56bfc062723c751e8b465ee728b)  -> (artifact id: 'cd37e4c97fd45c2352042ebc830252ff') in 0.016486 seconds 
========================================================================
Received Import Request.
  Time since last request: 0.000190 seconds.
  path: Assets/Post Process/UniversalRenderPipelineAsset.asset
  artifactKey: Guid(d66384c0b25b49a4889814e7f5deb5e7) Importer(815301076,1909f56bfc062723c751e8b465ee728b)
Start importing Assets/Post Process/UniversalRenderPipelineAsset.asset using Guid(d66384c0b25b49a4889814e7f5deb5e7) Importer(815301076,1909f56bfc062723c751e8b465ee728b)  -> (artifact id: '2c1ab0bb50378e742259d9f3eff4903a') in 0.007893 seconds 
========================================================================
Received Import Request.
  Time since last request: 0.000213 seconds.
  path: Assets/Post Process/Vignette.asset
  artifactKey: Guid(f8e0d720cd1ffd9449f08f85e28a99c2) Importer(815301076,1909f56bfc062723c751e8b465ee728b)
Start importing Assets/Post Process/Vignette.asset using Guid(f8e0d720cd1ffd9449f08f85e28a99c2) Importer(815301076,1909f56bfc062723c751e8b465ee728b)  -> (artifact id: '31cd63070a4616689538d078a6268fb3') in 0.012705 seconds 
========================================================================
Received Import Request.
  Time since last request: 0.000156 seconds.
  path: Assets/Post Process/UniversalRenderPipelineAsset_Renderer.asset
  artifactKey: Guid(d5e58d47e4d58044e91a312f1f7007ea) Importer(815301076,1909f56bfc062723c751e8b465ee728b)
Start importing Assets/Post Process/UniversalRenderPipelineAsset_Renderer.asset using Guid(d5e58d47e4d58044e91a312f1f7007ea) Importer(815301076,1909f56bfc062723c751e8b465ee728b)  -> (artifact id: '01049d18a0ffa85244070e6455cf61d5') in 0.005702 seconds 
========================================================================
Received Prepare
Registering precompiled user dll's ...
Registered in 0.002429 seconds.
Begin MonoManager ReloadAssembly
Symbol file LoadedFromMemory doesn't match image P:\Github\Wisteria-Constellation\Constellations-Finals\Library\PackageCache\com.unity.collab-proxy@1.15.15\Lib\Editor\PlasticSCM\unityplastic.dll
Native extension for WindowsStandalone target not found
Refreshing native plugins compatible for Editor in 0.82 ms, found 3 plugins.
Preloading 0 native plugins for Editor in 0.00 ms.
Mono: successfully reloaded assembly
- Completed reload, in  1.101 seconds
Domain Reload Profiling:
	ReloadAssembly (1102ms)
		BeginReloadAssembly (111ms)
			ExecutionOrderSort (0ms)
			DisableScriptedObjects (7ms)
			BackupInstance (0ms)
			ReleaseScriptingObjects (0ms)
			CreateAndSetChildDomain (37ms)
		EndReloadAssembly (933ms)
			LoadAssemblies (98ms)
			RebuildTransferFunctionScriptingTraits (0ms)
			SetupTypeCache (337ms)
			ReleaseScriptCaches (2ms)
			RebuildScriptCaches (72ms)
			SetupLoadedEditorAssemblies (315ms)
				LogAssemblyErrors (0ms)
				InitializePlatformSupportModulesInManaged (3ms)
				SetLoadedEditorAssemblies (0ms)
				RefreshPlugins (1ms)
				BeforeProcessingInitializeOnLoad (101ms)
				ProcessInitializeOnLoadAttributes (195ms)
				ProcessInitializeOnLoadMethodAttributes (13ms)
				AfterProcessingInitializeOnLoad (2ms)
				EditorAssembliesLoaded (0ms)
			ExecutionOrderSort2 (0ms)
			AwakeInstancesAfterBackupRestoration (12ms)
Platform modules already initialized, skipping
Refreshing native plugins compatible for Editor in 0.76 ms, found 3 plugins.
Preloading 0 native plugins for Editor in 0.00 ms.
Unloading 3793 Unused Serialized files (Serialized files now loaded: 0)
System memory in use before: 157.4 MB.
System memory in use after: 157.5 MB.

Unloading 21 unused Assets to reduce memory usage. Loaded Objects now: 4390.
Total: 3.650100 ms (FindLiveObjects: 0.301300 ms CreateObjectMapping: 0.212700 ms MarkObjects: 3.002600 ms  DeleteObjects: 0.132500 ms)

AssetImportParameters requested are different than current active one (requested -> active):
  custom:framework-win-MediaFoundation: 216162199b28c13a410421893ffa2e32 -> 
  custom:video-decoder-ogg-theora: a1e56fd34408186e4bbccfd4996cb3dc -> 
  custom:container-muxer-webm: aa71ff27fc2769a1b78a27578f13a17b -> 
  custom:container-demuxer-webm: 4f35f7cbe854078d1ac9338744f61a02 -> 
  custom:container-demuxer-ogg: 62fdf1f143b41e24485cea50d1cbac27 -> 
  custom:video-encoder-webm-vp8: eb34c28f22e8b96e1ab97ce403110664 -> 
  custom:video-decoder-webm-vp8: 9c59270c3fd7afecdb556c50c9e8de78 -> 
  custom:audio-decoder-ogg-vorbis: bf7c407c2cedff20999df2af8eb42d56 -> 
  custom:audio-encoder-webm-vorbis: bf7c407c2cedff20999df2af8eb42d56 -> 
========================================================================
Received Import Request.
  Time since last request: 75.156797 seconds.
  path: Assets/Post Process/Fog VFX.vfx
  artifactKey: Guid(7301f5c7bc4bd7542991df12b527051e) Importer(815301076,1909f56bfc062723c751e8b465ee728b)
Start importing Assets/Post Process/Fog VFX.vfx using Guid(7301f5c7bc4bd7542991df12b527051e) Importer(815301076,1909f56bfc062723c751e8b465ee728b)  -> (artifact id: 'd80eb5ea442690a1ba3ce9f30d496796') in 0.013487 seconds 
========================================================================
Received Prepare
Registering precompiled user dll's ...
Registered in 0.002434 seconds.
Begin MonoManager ReloadAssembly
Symbol file LoadedFromMemory doesn't match image P:\Github\Wisteria-Constellation\Constellations-Finals\Library\PackageCache\com.unity.collab-proxy@1.15.15\Lib\Editor\PlasticSCM\unityplastic.dll
Native extension for WindowsStandalone target not found
Refreshing native plugins compatible for Editor in 0.78 ms, found 3 plugins.
Preloading 0 native plugins for Editor in 0.00 ms.
Mono: successfully reloaded assembly
- Completed reload, in  1.088 seconds
Domain Reload Profiling:
	ReloadAssembly (1088ms)
		BeginReloadAssembly (103ms)
			ExecutionOrderSort (0ms)
			DisableScriptedObjects (6ms)
			BackupInstance (0ms)
			ReleaseScriptingObjects (0ms)
			CreateAndSetChildDomain (32ms)
		EndReloadAssembly (932ms)
			LoadAssemblies (94ms)
			RebuildTransferFunctionScriptingTraits (0ms)
			SetupTypeCache (335ms)
			ReleaseScriptCaches (2ms)
			RebuildScriptCaches (73ms)
			SetupLoadedEditorAssemblies (317ms)
				LogAssemblyErrors (0ms)
				InitializePlatformSupportModulesInManaged (3ms)
				SetLoadedEditorAssemblies (1ms)
				RefreshPlugins (1ms)
				BeforeProcessingInitializeOnLoad (105ms)
				ProcessInitializeOnLoadAttributes (191ms)
				ProcessInitializeOnLoadMethodAttributes (14ms)
				AfterProcessingInitializeOnLoad (2ms)
				EditorAssembliesLoaded (0ms)
			ExecutionOrderSort2 (0ms)
			AwakeInstancesAfterBackupRestoration (14ms)
Platform modules already initialized, skipping
Refreshing native plugins compatible for Editor in 0.85 ms, found 3 plugins.
Preloading 0 native plugins for Editor in 0.00 ms.
Unloading 3791 Unused Serialized files (Serialized files now loaded: 0)
System memory in use before: 157.4 MB.
System memory in use after: 157.4 MB.

Unloading 21 unused Assets to reduce memory usage. Loaded Objects now: 4393.
Total: 3.617600 ms (FindLiveObjects: 0.312400 ms CreateObjectMapping: 0.211800 ms MarkObjects: 2.962200 ms  DeleteObjects: 0.130400 ms)

AssetImportParameters requested are different than current active one (requested -> active):
  custom:framework-win-MediaFoundation: 216162199b28c13a410421893ffa2e32 -> 
  custom:video-decoder-ogg-theora: a1e56fd34408186e4bbccfd4996cb3dc -> 
  custom:container-muxer-webm: aa71ff27fc2769a1b78a27578f13a17b -> 
  custom:container-demuxer-webm: 4f35f7cbe854078d1ac9338744f61a02 -> 
  custom:container-demuxer-ogg: 62fdf1f143b41e24485cea50d1cbac27 -> 
  custom:video-encoder-webm-vp8: eb34c28f22e8b96e1ab97ce403110664 -> 
  custom:video-decoder-webm-vp8: 9c59270c3fd7afecdb556c50c9e8de78 -> 
  custom:audio-decoder-ogg-vorbis: bf7c407c2cedff20999df2af8eb42d56 -> 
  custom:audio-encoder-webm-vorbis: bf7c407c2cedff20999df2af8eb42d56 -> 
========================================================================
Received Import Request.
  Time since last request: 65.406251 seconds.
  path: Assets/Post Process/Fog VFX.vfx
  artifactKey: Guid(7301f5c7bc4bd7542991df12b527051e) Importer(815301076,1909f56bfc062723c751e8b465ee728b)
Start importing Assets/Post Process/Fog VFX.vfx using Guid(7301f5c7bc4bd7542991df12b527051e) Importer(815301076,1909f56bfc062723c751e8b465ee728b)  -> (artifact id: '4cf848c8a970339e025e00cb2ad42ff0') in 0.014367 seconds 
========================================================================
Received Prepare
Registering precompiled user dll's ...
Registered in 0.002505 seconds.
Begin MonoManager ReloadAssembly
Symbol file LoadedFromMemory doesn't match image P:\Github\Wisteria-Constellation\Constellations-Finals\Library\PackageCache\com.unity.collab-proxy@1.15.15\Lib\Editor\PlasticSCM\unityplastic.dll
Native extension for WindowsStandalone target not found
Refreshing native plugins compatible for Editor in 0.78 ms, found 3 plugins.
Preloading 0 native plugins for Editor in 0.00 ms.
Mono: successfully reloaded assembly
- Completed reload, in  1.051 seconds
Domain Reload Profiling:
	ReloadAssembly (1052ms)
		BeginReloadAssembly (111ms)
			ExecutionOrderSort (0ms)
			DisableScriptedObjects (6ms)
			BackupInstance (0ms)
			ReleaseScriptingObjects (0ms)
			CreateAndSetChildDomain (39ms)
		EndReloadAssembly (888ms)
			LoadAssemblies (94ms)
			RebuildTransferFunctionScriptingTraits (0ms)
			SetupTypeCache (330ms)
			ReleaseScriptCaches (2ms)
			RebuildScriptCaches (69ms)
			SetupLoadedEditorAssemblies (289ms)
				LogAssemblyErrors (0ms)
				InitializePlatformSupportModulesInManaged (3ms)
				SetLoadedEditorAssemblies (0ms)
				RefreshPlugins (1ms)
				BeforeProcessingInitializeOnLoad (95ms)
				ProcessInitializeOnLoadAttributes (176ms)
				ProcessInitializeOnLoadMethodAttributes (11ms)
				AfterProcessingInitializeOnLoad (2ms)
				EditorAssembliesLoaded (0ms)
			ExecutionOrderSort2 (0ms)
			AwakeInstancesAfterBackupRestoration (12ms)
Platform modules already initialized, skipping
Refreshing native plugins compatible for Editor in 0.73 ms, found 3 plugins.
Preloading 0 native plugins for Editor in 0.00 ms.
Unloading 3791 Unused Serialized files (Serialized files now loaded: 0)
System memory in use before: 157.4 MB.
System memory in use after: 157.4 MB.

Unloading 21 unused Assets to reduce memory usage. Loaded Objects now: 4396.
Total: 3.511600 ms (FindLiveObjects: 0.286800 ms CreateObjectMapping: 0.174400 ms MarkObjects: 2.899100 ms  DeleteObjects: 0.150400 ms)

AssetImportParameters requested are different than current active one (requested -> active):
  custom:framework-win-MediaFoundation: 216162199b28c13a410421893ffa2e32 -> 
  custom:video-decoder-ogg-theora: a1e56fd34408186e4bbccfd4996cb3dc -> 
  custom:container-muxer-webm: aa71ff27fc2769a1b78a27578f13a17b -> 
  custom:container-demuxer-webm: 4f35f7cbe854078d1ac9338744f61a02 -> 
  custom:container-demuxer-ogg: 62fdf1f143b41e24485cea50d1cbac27 -> 
  custom:video-encoder-webm-vp8: eb34c28f22e8b96e1ab97ce403110664 -> 
  custom:video-decoder-webm-vp8: 9c59270c3fd7afecdb556c50c9e8de78 -> 
  custom:audio-decoder-ogg-vorbis: bf7c407c2cedff20999df2af8eb42d56 -> 
  custom:audio-encoder-webm-vorbis: bf7c407c2cedff20999df2af8eb42d56 -> 
========================================================================
Received Prepare
Registering precompiled user dll's ...
Registered in 0.002482 seconds.
Begin MonoManager ReloadAssembly
Symbol file LoadedFromMemory doesn't match image P:\Github\Wisteria-Constellation\Constellations-Finals\Library\PackageCache\com.unity.collab-proxy@1.15.15\Lib\Editor\PlasticSCM\unityplastic.dll
Native extension for WindowsStandalone target not found
Refreshing native plugins compatible for Editor in 0.78 ms, found 3 plugins.
Preloading 0 native plugins for Editor in 0.00 ms.
Mono: successfully reloaded assembly
- Completed reload, in  1.097 seconds
Domain Reload Profiling:
	ReloadAssembly (1097ms)
		BeginReloadAssembly (107ms)
			ExecutionOrderSort (0ms)
			DisableScriptedObjects (6ms)
			BackupInstance (0ms)
			ReleaseScriptingObjects (0ms)
			CreateAndSetChildDomain (34ms)
		EndReloadAssembly (935ms)
			LoadAssemblies (94ms)
			RebuildTransferFunctionScriptingTraits (0ms)
			SetupTypeCache (333ms)
			ReleaseScriptCaches (2ms)
			RebuildScriptCaches (75ms)
			SetupLoadedEditorAssemblies (319ms)
				LogAssemblyErrors (0ms)
				InitializePlatformSupportModulesInManaged (3ms)
				SetLoadedEditorAssemblies (1ms)
				RefreshPlugins (1ms)
				BeforeProcessingInitializeOnLoad (101ms)
				ProcessInitializeOnLoadAttributes (198ms)
				ProcessInitializeOnLoadMethodAttributes (13ms)
				AfterProcessingInitializeOnLoad (2ms)
				EditorAssembliesLoaded (0ms)
			ExecutionOrderSort2 (0ms)
			AwakeInstancesAfterBackupRestoration (13ms)
Platform modules already initialized, skipping
Refreshing native plugins compatible for Editor in 0.78 ms, found 3 plugins.
Preloading 0 native plugins for Editor in 0.00 ms.
Unloading 3791 Unused Serialized files (Serialized files now loaded: 0)
System memory in use before: 157.5 MB.
System memory in use after: 157.6 MB.

Unloading 21 unused Assets to reduce memory usage. Loaded Objects now: 4399.
Total: 3.777700 ms (FindLiveObjects: 0.303700 ms CreateObjectMapping: 0.224500 ms MarkObjects: 3.118500 ms  DeleteObjects: 0.130200 ms)

AssetImportParameters requested are different than current active one (requested -> active):
  custom:framework-win-MediaFoundation: 216162199b28c13a410421893ffa2e32 -> 
  custom:video-decoder-ogg-theora: a1e56fd34408186e4bbccfd4996cb3dc -> 
  custom:container-muxer-webm: aa71ff27fc2769a1b78a27578f13a17b -> 
  custom:container-demuxer-webm: 4f35f7cbe854078d1ac9338744f61a02 -> 
  custom:container-demuxer-ogg: 62fdf1f143b41e24485cea50d1cbac27 -> 
  custom:video-encoder-webm-vp8: eb34c28f22e8b96e1ab97ce403110664 -> 
  custom:video-decoder-webm-vp8: 9c59270c3fd7afecdb556c50c9e8de78 -> 
  custom:audio-decoder-ogg-vorbis: bf7c407c2cedff20999df2af8eb42d56 -> 
  custom:audio-encoder-webm-vorbis: bf7c407c2cedff20999df2af8eb42d56 -> 
========================================================================
Received Prepare
Registering precompiled user dll's ...
Registered in 0.002451 seconds.
Begin MonoManager ReloadAssembly
Symbol file LoadedFromMemory doesn't match image P:\Github\Wisteria-Constellation\Constellations-Finals\Library\PackageCache\com.unity.collab-proxy@1.15.15\Lib\Editor\PlasticSCM\unityplastic.dll
Native extension for WindowsStandalone target not found
Refreshing native plugins compatible for Editor in 0.79 ms, found 3 plugins.
Preloading 0 native plugins for Editor in 0.00 ms.
Mono: successfully reloaded assembly
- Completed reload, in  1.092 seconds
Domain Reload Profiling:
	ReloadAssembly (1092ms)
		BeginReloadAssembly (108ms)
			ExecutionOrderSort (0ms)
			DisableScriptedObjects (7ms)
			BackupInstance (0ms)
			ReleaseScriptingObjects (0ms)
			CreateAndSetChildDomain (35ms)
		EndReloadAssembly (931ms)
			LoadAssemblies (94ms)
			RebuildTransferFunctionScriptingTraits (0ms)
			SetupTypeCache (335ms)
			ReleaseScriptCaches (2ms)
			RebuildScriptCaches (73ms)
			SetupLoadedEditorAssemblies (318ms)
				LogAssemblyErrors (0ms)
				InitializePlatformSupportModulesInManaged (3ms)
				SetLoadedEditorAssemblies (0ms)
				RefreshPlugins (1ms)
				BeforeProcessingInitializeOnLoad (103ms)
				ProcessInitializeOnLoadAttributes (193ms)
				ProcessInitializeOnLoadMethodAttributes (14ms)
				AfterProcessingInitializeOnLoad (3ms)
				EditorAssembliesLoaded (0ms)
			ExecutionOrderSort2 (0ms)
			AwakeInstancesAfterBackupRestoration (13ms)
Platform modules already initialized, skipping
Refreshing native plugins compatible for Editor in 0.76 ms, found 3 plugins.
Preloading 0 native plugins for Editor in 0.00 ms.
Unloading 3791 Unused Serialized files (Serialized files now loaded: 0)
System memory in use before: 157.5 MB.
System memory in use after: 157.6 MB.

Unloading 21 unused Assets to reduce memory usage. Loaded Objects now: 4402.
Total: 3.820800 ms (FindLiveObjects: 0.286500 ms CreateObjectMapping: 0.183200 ms MarkObjects: 3.221300 ms  DeleteObjects: 0.128900 ms)

AssetImportParameters requested are different than current active one (requested -> active):
  custom:framework-win-MediaFoundation: 216162199b28c13a410421893ffa2e32 -> 
  custom:video-decoder-ogg-theora: a1e56fd34408186e4bbccfd4996cb3dc -> 
  custom:container-muxer-webm: aa71ff27fc2769a1b78a27578f13a17b -> 
  custom:container-demuxer-webm: 4f35f7cbe854078d1ac9338744f61a02 -> 
  custom:container-demuxer-ogg: 62fdf1f143b41e24485cea50d1cbac27 -> 
  custom:video-encoder-webm-vp8: eb34c28f22e8b96e1ab97ce403110664 -> 
  custom:video-decoder-webm-vp8: 9c59270c3fd7afecdb556c50c9e8de78 -> 
  custom:audio-decoder-ogg-vorbis: bf7c407c2cedff20999df2af8eb42d56 -> 
  custom:audio-encoder-webm-vorbis: bf7c407c2cedff20999df2af8eb42d56 -> 
========================================================================
Received Prepare
Registering precompiled user dll's ...
Registered in 0.002473 seconds.
Begin MonoManager ReloadAssembly
Symbol file LoadedFromMemory doesn't match image P:\Github\Wisteria-Constellation\Constellations-Finals\Library\PackageCache\com.unity.collab-proxy@1.15.15\Lib\Editor\PlasticSCM\unityplastic.dll
Native extension for WindowsStandalone target not found
Refreshing native plugins compatible for Editor in 0.78 ms, found 3 plugins.
Preloading 0 native plugins for Editor in 0.00 ms.
Mono: successfully reloaded assembly
- Completed reload, in  1.090 seconds
Domain Reload Profiling:
	ReloadAssembly (1090ms)
		BeginReloadAssembly (113ms)
			ExecutionOrderSort (0ms)
			DisableScriptedObjects (6ms)
			BackupInstance (0ms)
			ReleaseScriptingObjects (0ms)
			CreateAndSetChildDomain (35ms)
		EndReloadAssembly (924ms)
			LoadAssemblies (99ms)
			RebuildTransferFunctionScriptingTraits (0ms)
			SetupTypeCache (333ms)
			ReleaseScriptCaches (2ms)
			RebuildScriptCaches (73ms)
			SetupLoadedEditorAssemblies (311ms)
				LogAssemblyErrors (0ms)
				InitializePlatformSupportModulesInManaged (4ms)
				SetLoadedEditorAssemblies (0ms)
				RefreshPlugins (1ms)
				BeforeProcessingInitializeOnLoad (100ms)
				ProcessInitializeOnLoadAttributes (190ms)
				ProcessInitializeOnLoadMethodAttributes (13ms)
				AfterProcessingInitializeOnLoad (2ms)
				EditorAssembliesLoaded (0ms)
			ExecutionOrderSort2 (0ms)
			AwakeInstancesAfterBackupRestoration (13ms)
Platform modules already initialized, skipping
Refreshing native plugins compatible for Editor in 0.77 ms, found 3 plugins.
Preloading 0 native plugins for Editor in 0.00 ms.
Unloading 3791 Unused Serialized files (Serialized files now loaded: 0)
System memory in use before: 157.5 MB.
System memory in use after: 157.6 MB.

Unloading 21 unused Assets to reduce memory usage. Loaded Objects now: 4405.
Total: 3.696200 ms (FindLiveObjects: 0.319800 ms CreateObjectMapping: 0.255200 ms MarkObjects: 2.995100 ms  DeleteObjects: 0.125300 ms)

AssetImportParameters requested are different than current active one (requested -> active):
  custom:framework-win-MediaFoundation: 216162199b28c13a410421893ffa2e32 -> 
  custom:video-decoder-ogg-theora: a1e56fd34408186e4bbccfd4996cb3dc -> 
  custom:container-muxer-webm: aa71ff27fc2769a1b78a27578f13a17b -> 
  custom:container-demuxer-webm: 4f35f7cbe854078d1ac9338744f61a02 -> 
  custom:container-demuxer-ogg: 62fdf1f143b41e24485cea50d1cbac27 -> 
  custom:video-encoder-webm-vp8: eb34c28f22e8b96e1ab97ce403110664 -> 
  custom:video-decoder-webm-vp8: 9c59270c3fd7afecdb556c50c9e8de78 -> 
  custom:audio-decoder-ogg-vorbis: bf7c407c2cedff20999df2af8eb42d56 -> 
  custom:audio-encoder-webm-vorbis: bf7c407c2cedff20999df2af8eb42d56 -> 
========================================================================
Received Import Request.
  Time since last request: 1247.063494 seconds.
  path: Assets/Post Process/Fog VFX.vfx
  artifactKey: Guid(7301f5c7bc4bd7542991df12b527051e) Importer(815301076,1909f56bfc062723c751e8b465ee728b)
Start importing Assets/Post Process/Fog VFX.vfx using Guid(7301f5c7bc4bd7542991df12b527051e) Importer(815301076,1909f56bfc062723c751e8b465ee728b)  -> (artifact id: 'f292cfe0aa957df060ed90f641608dfe') in 0.014616 seconds 
========================================================================
Received Import Request.
  Time since last request: 180.084118 seconds.
  path: Assets/Post Process/Fog VFX.vfx
  artifactKey: Guid(7301f5c7bc4bd7542991df12b527051e) Importer(815301076,1909f56bfc062723c751e8b465ee728b)
Start importing Assets/Post Process/Fog VFX.vfx using Guid(7301f5c7bc4bd7542991df12b527051e) Importer(815301076,1909f56bfc062723c751e8b465ee728b)  -> (artifact id: '519aa052801dc1c0327cd097713d167f') in 0.002944 seconds 
========================================================================
Received Prepare
Registering precompiled user dll's ...
Registered in 0.002435 seconds.
Begin MonoManager ReloadAssembly
Symbol file LoadedFromMemory doesn't match image P:\Github\Wisteria-Constellation\Constellations-Finals\Library\PackageCache\com.unity.collab-proxy@1.15.15\Lib\Editor\PlasticSCM\unityplastic.dll
Native extension for WindowsStandalone target not found
Refreshing native plugins compatible for Editor in 0.77 ms, found 3 plugins.
Preloading 0 native plugins for Editor in 0.00 ms.
Mono: successfully reloaded assembly
- Completed reload, in  1.064 seconds
Domain Reload Profiling:
	ReloadAssembly (1064ms)
		BeginReloadAssembly (105ms)
			ExecutionOrderSort (0ms)
			DisableScriptedObjects (6ms)
			BackupInstance (0ms)
			ReleaseScriptingObjects (0ms)
			CreateAndSetChildDomain (33ms)
		EndReloadAssembly (908ms)
			LoadAssemblies (95ms)
			RebuildTransferFunctionScriptingTraits (0ms)
			SetupTypeCache (327ms)
			ReleaseScriptCaches (2ms)
			RebuildScriptCaches (72ms)
			SetupLoadedEditorAssemblies (306ms)
				LogAssemblyErrors (0ms)
				InitializePlatformSupportModulesInManaged (4ms)
				SetLoadedEditorAssemblies (0ms)
				RefreshPlugins (1ms)
				BeforeProcessingInitializeOnLoad (98ms)
				ProcessInitializeOnLoadAttributes (187ms)
				ProcessInitializeOnLoadMethodAttributes (13ms)
				AfterProcessingInitializeOnLoad (3ms)
				EditorAssembliesLoaded (0ms)
			ExecutionOrderSort2 (0ms)
			AwakeInstancesAfterBackupRestoration (12ms)
Platform modules already initialized, skipping
Refreshing native plugins compatible for Editor in 0.79 ms, found 3 plugins.
Preloading 0 native plugins for Editor in 0.00 ms.
Unloading 3791 Unused Serialized files (Serialized files now loaded: 0)
System memory in use before: 157.5 MB.
System memory in use after: 157.6 MB.

Unloading 21 unused Assets to reduce memory usage. Loaded Objects now: 4408.
Total: 3.725600 ms (FindLiveObjects: 0.404700 ms CreateObjectMapping: 0.243100 ms MarkObjects: 2.957400 ms  DeleteObjects: 0.119700 ms)

AssetImportParameters requested are different than current active one (requested -> active):
  custom:framework-win-MediaFoundation: 216162199b28c13a410421893ffa2e32 -> 
  custom:video-decoder-ogg-theora: a1e56fd34408186e4bbccfd4996cb3dc -> 
  custom:container-muxer-webm: aa71ff27fc2769a1b78a27578f13a17b -> 
  custom:container-demuxer-webm: 4f35f7cbe854078d1ac9338744f61a02 -> 
  custom:container-demuxer-ogg: 62fdf1f143b41e24485cea50d1cbac27 -> 
  custom:video-encoder-webm-vp8: eb34c28f22e8b96e1ab97ce403110664 -> 
  custom:video-decoder-webm-vp8: 9c59270c3fd7afecdb556c50c9e8de78 -> 
  custom:audio-decoder-ogg-vorbis: bf7c407c2cedff20999df2af8eb42d56 -> 
  custom:audio-encoder-webm-vorbis: bf7c407c2cedff20999df2af8eb42d56 -> 
========================================================================
Received Import Request.
  Time since last request: 129.249817 seconds.
  path: Assets/Post Process/Fog VFX.vfx
  artifactKey: Guid(7301f5c7bc4bd7542991df12b527051e) Importer(815301076,1909f56bfc062723c751e8b465ee728b)
Start importing Assets/Post Process/Fog VFX.vfx using Guid(7301f5c7bc4bd7542991df12b527051e) Importer(815301076,1909f56bfc062723c751e8b465ee728b)  -> (artifact id: '728d5d72d9e5e4ad1261e29f85d4cded') in 0.014833 seconds 
========================================================================
Received Prepare
Registering precompiled user dll's ...
Registered in 0.002534 seconds.
Begin MonoManager ReloadAssembly
Symbol file LoadedFromMemory doesn't match image P:\Github\Wisteria-Constellation\Constellations-Finals\Library\PackageCache\com.unity.collab-proxy@1.15.15\Lib\Editor\PlasticSCM\unityplastic.dll
Native extension for WindowsStandalone target not found
Refreshing native plugins compatible for Editor in 0.78 ms, found 3 plugins.
Preloading 0 native plugins for Editor in 0.00 ms.
Mono: successfully reloaded assembly
- Completed reload, in  1.088 seconds
Domain Reload Profiling:
	ReloadAssembly (1089ms)
		BeginReloadAssembly (108ms)
			ExecutionOrderSort (0ms)
			DisableScriptedObjects (6ms)
			BackupInstance (0ms)
			ReleaseScriptingObjects (0ms)
			CreateAndSetChildDomain (36ms)
		EndReloadAssembly (927ms)
			LoadAssemblies (94ms)
			RebuildTransferFunctionScriptingTraits (0ms)
			SetupTypeCache (336ms)
			ReleaseScriptCaches (2ms)
			RebuildScriptCaches (70ms)
			SetupLoadedEditorAssemblies (315ms)
				LogAssemblyErrors (0ms)
				InitializePlatformSupportModulesInManaged (3ms)
				SetLoadedEditorAssemblies (1ms)
				RefreshPlugins (1ms)
				BeforeProcessingInitializeOnLoad (104ms)
				ProcessInitializeOnLoadAttributes (192ms)
				ProcessInitializeOnLoadMethodAttributes (12ms)
				AfterProcessingInitializeOnLoad (2ms)
				EditorAssembliesLoaded (0ms)
			ExecutionOrderSort2 (0ms)
			AwakeInstancesAfterBackupRestoration (13ms)
Platform modules already initialized, skipping
Refreshing native plugins compatible for Editor in 0.80 ms, found 3 plugins.
Preloading 0 native plugins for Editor in 0.00 ms.
Unloading 3791 Unused Serialized files (Serialized files now loaded: 0)
System memory in use before: 157.5 MB.
System memory in use after: 157.6 MB.

Unloading 21 unused Assets to reduce memory usage. Loaded Objects now: 4411.
Total: 3.671200 ms (FindLiveObjects: 0.311600 ms CreateObjectMapping: 0.197000 ms MarkObjects: 3.032200 ms  DeleteObjects: 0.129500 ms)

AssetImportParameters requested are different than current active one (requested -> active):
  custom:framework-win-MediaFoundation: 216162199b28c13a410421893ffa2e32 -> 
  custom:video-decoder-ogg-theora: a1e56fd34408186e4bbccfd4996cb3dc -> 
  custom:container-muxer-webm: aa71ff27fc2769a1b78a27578f13a17b -> 
  custom:container-demuxer-webm: 4f35f7cbe854078d1ac9338744f61a02 -> 
  custom:container-demuxer-ogg: 62fdf1f143b41e24485cea50d1cbac27 -> 
  custom:video-encoder-webm-vp8: eb34c28f22e8b96e1ab97ce403110664 -> 
  custom:video-decoder-webm-vp8: 9c59270c3fd7afecdb556c50c9e8de78 -> 
  custom:audio-decoder-ogg-vorbis: bf7c407c2cedff20999df2af8eb42d56 -> 
  custom:audio-encoder-webm-vorbis: bf7c407c2cedff20999df2af8eb42d56 -> 
========================================================================
Received Import Request.
  Time since last request: 49.736462 seconds.
  path: Assets/Post Process/Fog VFX.vfx
  artifactKey: Guid(7301f5c7bc4bd7542991df12b527051e) Importer(815301076,1909f56bfc062723c751e8b465ee728b)
Start importing Assets/Post Process/Fog VFX.vfx using Guid(7301f5c7bc4bd7542991df12b527051e) Importer(815301076,1909f56bfc062723c751e8b465ee728b)  -> (artifact id: 'e0fcbbc056a0969690750e1b62a02a3c') in 0.017869 seconds 
========================================================================
Received Import Request.
  Time since last request: 87.601914 seconds.
  path: Assets/Post Process/Fog VFX.vfx
  artifactKey: Guid(7301f5c7bc4bd7542991df12b527051e) Importer(815301076,1909f56bfc062723c751e8b465ee728b)
Start importing Assets/Post Process/Fog VFX.vfx using Guid(7301f5c7bc4bd7542991df12b527051e) Importer(815301076,1909f56bfc062723c751e8b465ee728b)  -> (artifact id: '6ef5e439e52315dfd6275ab27e842cdd') in 0.002819 seconds 
========================================================================
Received Import Request.
  Time since last request: 6.817096 seconds.
  path: Assets/Post Process/Fog VFX.vfx
  artifactKey: Guid(7301f5c7bc4bd7542991df12b527051e) Importer(815301076,1909f56bfc062723c751e8b465ee728b)
Start importing Assets/Post Process/Fog VFX.vfx using Guid(7301f5c7bc4bd7542991df12b527051e) Importer(815301076,1909f56bfc062723c751e8b465ee728b)  -> (artifact id: 'b1c822dab6bcd7e5dab8bf5805c64882') in 0.002700 seconds 
========================================================================
Received Import Request.
  Time since last request: 6.515891 seconds.
  path: Assets/Post Process/Fog VFX.vfx
  artifactKey: Guid(7301f5c7bc4bd7542991df12b527051e) Importer(815301076,1909f56bfc062723c751e8b465ee728b)
Start importing Assets/Post Process/Fog VFX.vfx using Guid(7301f5c7bc4bd7542991df12b527051e) Importer(815301076,1909f56bfc062723c751e8b465ee728b)  -> (artifact id: 'f826bc0d801f02664947b733f383fcf0') in 0.002681 seconds 
========================================================================
Received Prepare
Registering precompiled user dll's ...
Registered in 0.002456 seconds.
Begin MonoManager ReloadAssembly
Symbol file LoadedFromMemory doesn't match image P:\Github\Wisteria-Constellation\Constellations-Finals\Library\PackageCache\com.unity.collab-proxy@1.15.15\Lib\Editor\PlasticSCM\unityplastic.dll
Native extension for WindowsStandalone target not found
Refreshing native plugins compatible for Editor in 0.83 ms, found 3 plugins.
Preloading 0 native plugins for Editor in 0.01 ms.
Mono: successfully reloaded assembly
- Completed reload, in  1.091 seconds
Domain Reload Profiling:
	ReloadAssembly (1091ms)
		BeginReloadAssembly (107ms)
			ExecutionOrderSort (0ms)
			DisableScriptedObjects (7ms)
			BackupInstance (0ms)
			ReleaseScriptingObjects (0ms)
			CreateAndSetChildDomain (33ms)
		EndReloadAssembly (931ms)
			LoadAssemblies (94ms)
			RebuildTransferFunctionScriptingTraits (0ms)
			SetupTypeCache (338ms)
			ReleaseScriptCaches (2ms)
			RebuildScriptCaches (71ms)
			SetupLoadedEditorAssemblies (316ms)
				LogAssemblyErrors (0ms)
				InitializePlatformSupportModulesInManaged (3ms)
				SetLoadedEditorAssemblies (1ms)
				RefreshPlugins (1ms)
				BeforeProcessingInitializeOnLoad (104ms)
				ProcessInitializeOnLoadAttributes (192ms)
				ProcessInitializeOnLoadMethodAttributes (13ms)
				AfterProcessingInitializeOnLoad (2ms)
				EditorAssembliesLoaded (0ms)
			ExecutionOrderSort2 (0ms)
			AwakeInstancesAfterBackupRestoration (13ms)
Platform modules already initialized, skipping
Refreshing native plugins compatible for Editor in 0.79 ms, found 3 plugins.
Preloading 0 native plugins for Editor in 0.00 ms.
Unloading 3791 Unused Serialized files (Serialized files now loaded: 0)
System memory in use before: 157.5 MB.
System memory in use after: 157.6 MB.

Unloading 21 unused Assets to reduce memory usage. Loaded Objects now: 4414.
Total: 3.527400 ms (FindLiveObjects: 0.271600 ms CreateObjectMapping: 0.175900 ms MarkObjects: 2.948600 ms  DeleteObjects: 0.130300 ms)

AssetImportParameters requested are different than current active one (requested -> active):
  custom:framework-win-MediaFoundation: 216162199b28c13a410421893ffa2e32 -> 
  custom:video-decoder-ogg-theora: a1e56fd34408186e4bbccfd4996cb3dc -> 
  custom:container-muxer-webm: aa71ff27fc2769a1b78a27578f13a17b -> 
  custom:container-demuxer-webm: 4f35f7cbe854078d1ac9338744f61a02 -> 
  custom:container-demuxer-ogg: 62fdf1f143b41e24485cea50d1cbac27 -> 
  custom:video-encoder-webm-vp8: eb34c28f22e8b96e1ab97ce403110664 -> 
  custom:video-decoder-webm-vp8: 9c59270c3fd7afecdb556c50c9e8de78 -> 
  custom:audio-decoder-ogg-vorbis: bf7c407c2cedff20999df2af8eb42d56 -> 
  custom:audio-encoder-webm-vorbis: bf7c407c2cedff20999df2af8eb42d56 -> 
========================================================================
Received Import Request.
  Time since last request: 60.901335 seconds.
  path: Assets/Post Process/Fog VFX.vfx
  artifactKey: Guid(7301f5c7bc4bd7542991df12b527051e) Importer(815301076,1909f56bfc062723c751e8b465ee728b)
Start importing Assets/Post Process/Fog VFX.vfx using Guid(7301f5c7bc4bd7542991df12b527051e) Importer(815301076,1909f56bfc062723c751e8b465ee728b)  -> (artifact id: 'bcf5f0319a9a41205084210106814537') in 0.014268 seconds 
========================================================================
Received Import Request.
  Time since last request: 99.798625 seconds.
  path: Assets/Post Process/Fog VFX.vfx
  artifactKey: Guid(7301f5c7bc4bd7542991df12b527051e) Importer(815301076,1909f56bfc062723c751e8b465ee728b)
Start importing Assets/Post Process/Fog VFX.vfx using Guid(7301f5c7bc4bd7542991df12b527051e) Importer(815301076,1909f56bfc062723c751e8b465ee728b)  -> (artifact id: 'dd0b8d882b25ef2f50c8cf9ad2f08fd2') in 0.002830 seconds 
AssetImportWorkerClient::OnTransportError - code=2 error=End of file
