Using pre-set license
Built from '2020.3/staging' branch; Version is '2020.3.40f1 (ba48d4efcef1) revision 12208340'; Using compiler version '192528614'; Build Type 'Release'
OS: 'Windows 10  (10.0.19044) 64bit Professional' Language: 'en' Physical Memory: 16253 MB
BatchMode: 1, IsHumanControllingUs: 0, StartBugReporterOnCrash: 0, Is64bit: 1, IsPro: 0

COMMAND LINE ARGUMENTS:
P:\Unity\2020.3.40f1\Editor\Unity.exe
-adb2
-batchMode
-noUpm
-name
AssetImportWorker0
-projectPath
P:/Github/Wisteria-Constellation/Constellations-Prototype
-logFile
Logs/AssetImportWorker0.log
-srvPort
60815
Successfully changed project path to: P:/Github/Wisteria-Constellation/Constellations-Prototype
P:/Github/Wisteria-Constellation/Constellations-Prototype
Using Asset Import Pipeline V2.
Refreshing native plugins compatible for Editor in 39.98 ms, found 3 plugins.
Preloading 0 native plugins for Editor in 0.00 ms.
Initialize engine version: 2020.3.40f1 (ba48d4efcef1)
[Subsystems] Discovering subsystems at path P:/Unity/2020.3.40f1/Editor/Data/Resources/UnitySubsystems
[Subsystems] Discovering subsystems at path P:/Github/Wisteria-Constellation/Constellations-Prototype/Assets
GfxDevice: creating device client; threaded=0
Direct3D:
    Version:  Direct3D 11.0 [level 11.1]
    Renderer: Radeon RX 570 Series (ID=0x67df)
    Vendor:   
    VRAM:     4074 MB
    Driver:   30.0.15021.11005
Initialize mono
Mono path[0] = 'P:/Unity/2020.3.40f1/Editor/Data/Managed'
Mono path[1] = 'P:/Unity/2020.3.40f1/Editor/Data/MonoBleedingEdge/lib/mono/unityjit'
Mono config path = 'P:/Unity/2020.3.40f1/Editor/Data/MonoBleedingEdge/etc'
Using monoOptions --debugger-agent=transport=dt_socket,embedding=1,server=y,suspend=n,address=127.0.0.1:56160
Begin MonoManager ReloadAssembly
Registering precompiled unity dll's ...
Register platform support module: P:/Unity/2020.3.40f1/Editor/Data/PlaybackEngines/WindowsStandaloneSupport/UnityEditor.WindowsStandalone.Extensions.dll
Registered in 0.000805 seconds.
Native extension for WindowsStandalone target not found
Refreshing native plugins compatible for Editor in 40.22 ms, found 3 plugins.
Preloading 0 native plugins for Editor in 0.00 ms.
Mono: successfully reloaded assembly
- Completed reload, in  0.504 seconds
Domain Reload Profiling:
	ReloadAssembly (504ms)
		BeginReloadAssembly (49ms)
			ExecutionOrderSort (0ms)
			DisableScriptedObjects (0ms)
			BackupInstance (0ms)
			ReleaseScriptingObjects (0ms)
			CreateAndSetChildDomain (1ms)
		EndReloadAssembly (398ms)
			LoadAssemblies (48ms)
			RebuildTransferFunctionScriptingTraits (0ms)
			SetupTypeCache (130ms)
			ReleaseScriptCaches (0ms)
			RebuildScriptCaches (27ms)
			SetupLoadedEditorAssemblies (151ms)
				LogAssemblyErrors (0ms)
				InitializePlatformSupportModulesInManaged (3ms)
				SetLoadedEditorAssemblies (0ms)
				RefreshPlugins (40ms)
				BeforeProcessingInitializeOnLoad (14ms)
				ProcessInitializeOnLoadAttributes (69ms)
				ProcessInitializeOnLoadMethodAttributes (25ms)
				AfterProcessingInitializeOnLoad (0ms)
				EditorAssembliesLoaded (0ms)
			ExecutionOrderSort2 (0ms)
			AwakeInstancesAfterBackupRestoration (0ms)
Platform modules already initialized, skipping
Registering precompiled user dll's ...
Registered in 0.001673 seconds.
Begin MonoManager ReloadAssembly
Native extension for WindowsStandalone target not found
Refreshing native plugins compatible for Editor in 40.16 ms, found 3 plugins.
Preloading 0 native plugins for Editor in 0.00 ms.
Mono: successfully reloaded assembly
- Completed reload, in  0.942 seconds
Domain Reload Profiling:
	ReloadAssembly (943ms)
		BeginReloadAssembly (125ms)
			ExecutionOrderSort (0ms)
			DisableScriptedObjects (4ms)
			BackupInstance (0ms)
			ReleaseScriptingObjects (0ms)
			CreateAndSetChildDomain (16ms)
		EndReloadAssembly (769ms)
			LoadAssemblies (76ms)
			RebuildTransferFunctionScriptingTraits (0ms)
			SetupTypeCache (255ms)
			ReleaseScriptCaches (0ms)
			RebuildScriptCaches (42ms)
			SetupLoadedEditorAssemblies (296ms)
				LogAssemblyErrors (0ms)
				InitializePlatformSupportModulesInManaged (3ms)
				SetLoadedEditorAssemblies (0ms)
				RefreshPlugins (40ms)
				BeforeProcessingInitializeOnLoad (66ms)
				ProcessInitializeOnLoadAttributes (167ms)
				ProcessInitializeOnLoadMethodAttributes (18ms)
				AfterProcessingInitializeOnLoad (2ms)
				EditorAssembliesLoaded (0ms)
			ExecutionOrderSort2 (0ms)
			AwakeInstancesAfterBackupRestoration (2ms)
Platform modules already initialized, skipping
========================================================================
Worker process is ready to serve import requests
Launched and connected shader compiler UnityShaderCompiler.exe after 0.03 seconds
Refreshing native plugins compatible for Editor in 0.40 ms, found 3 plugins.
Preloading 0 native plugins for Editor in 0.00 ms.
Unloading 2222 Unused Serialized files (Serialized files now loaded: 0)
System memory in use before: 97.6 MB.
System memory in use after: 97.5 MB.

Unloading 31 unused Assets to reduce memory usage. Loaded Objects now: 2655.
Total: 2.502900 ms (FindLiveObjects: 0.148700 ms CreateObjectMapping: 0.074800 ms MarkObjects: 2.166300 ms  DeleteObjects: 0.112400 ms)

AssetImportParameters requested are different than current active one (requested -> active):
  custom:framework-win-MediaFoundation: 216162199b28c13a410421893ffa2e32 -> 
  custom:video-decoder-ogg-theora: a1e56fd34408186e4bbccfd4996cb3dc -> 
  custom:container-muxer-webm: aa71ff27fc2769a1b78a27578f13a17b -> 
  custom:container-demuxer-webm: 4f35f7cbe854078d1ac9338744f61a02 -> 
  custom:container-demuxer-ogg: 62fdf1f143b41e24485cea50d1cbac27 -> 
  custom:video-encoder-webm-vp8: eb34c28f22e8b96e1ab97ce403110664 -> 
  custom:video-decoder-webm-vp8: 9c59270c3fd7afecdb556c50c9e8de78 -> 
  custom:audio-decoder-ogg-vorbis: bf7c407c2cedff20999df2af8eb42d56 -> 
  custom:audio-encoder-webm-vorbis: bf7c407c2cedff20999df2af8eb42d56 -> 
========================================================================
Received Import Request.
  path: Assets/Animations/Transitions/Image.controller
  artifactKey: Guid(12c13edc667ad1c4f9483ced8d1ef7e2) Importer(815301076,1909f56bfc062723c751e8b465ee728b)
Start importing Assets/Animations/Transitions/Image.controller using Guid(12c13edc667ad1c4f9483ced8d1ef7e2) Importer(815301076,1909f56bfc062723c751e8b465ee728b)  -> (artifact id: '5244d7cbec16d4e74339748b8abf734b') in 0.035556 seconds 
========================================================================
Received Import Request.
  Time since last request: 26.482491 seconds.
  path: Assets/Scripts/Player/PlayerController.cs
  artifactKey: Guid(74f128af018b09948beffa7af2cad30c) Importer(815301076,1909f56bfc062723c751e8b465ee728b)
Start importing Assets/Scripts/Player/PlayerController.cs using Guid(74f128af018b09948beffa7af2cad30c) Importer(815301076,1909f56bfc062723c751e8b465ee728b)  -> (artifact id: '47bf6eb9dec67e50617a3e4d29d60568') in 0.006077 seconds 
========================================================================
Received Import Request.
  Time since last request: 88.767159 seconds.
  path: Assets/Assets/Tilesets
  artifactKey: Guid(79d2f369e3798c34da6ecbdb08fc4e60) Importer(815301076,1909f56bfc062723c751e8b465ee728b)
Start importing Assets/Assets/Tilesets using Guid(79d2f369e3798c34da6ecbdb08fc4e60) Importer(815301076,1909f56bfc062723c751e8b465ee728b)  -> (artifact id: 'ceb52e090d3050fb19c0fa764cfaaa25') in 0.004603 seconds 
========================================================================
Received Import Request.
  Time since last request: 571.073944 seconds.
  path: Assets/Assets/Tilesets/Floor Tileset.png
  artifactKey: Guid(968f47584aa9a2a4a889aac51d59f7f5) Importer(815301076,1909f56bfc062723c751e8b465ee728b)
Start importing Assets/Assets/Tilesets/Floor Tileset.png using Guid(968f47584aa9a2a4a889aac51d59f7f5) Importer(815301076,1909f56bfc062723c751e8b465ee728b)  -> (artifact id: '59fa8c193960861e36c10a6a7fee99fa') in 0.067070 seconds 
========================================================================
Received Import Request.
  Time since last request: 421.476984 seconds.
  path: Assets/Assets/Tilesets/Floor Tileset
  artifactKey: Guid(c058236fa5fa69d41ba3714a585b6b45) Importer(815301076,1909f56bfc062723c751e8b465ee728b)
Start importing Assets/Assets/Tilesets/Floor Tileset using Guid(c058236fa5fa69d41ba3714a585b6b45) Importer(815301076,1909f56bfc062723c751e8b465ee728b)  -> (artifact id: '099a42e7530b6c165ec0f439217605d7') in 0.006183 seconds 
========================================================================
Received Import Request.
  Time since last request: 10.387923 seconds.
  path: Assets/Assets/Tilesets/Floor Tileset.png
  artifactKey: Guid(968f47584aa9a2a4a889aac51d59f7f5) Importer(815301076,1909f56bfc062723c751e8b465ee728b)
Start importing Assets/Assets/Tilesets/Floor Tileset.png using Guid(968f47584aa9a2a4a889aac51d59f7f5) Importer(815301076,1909f56bfc062723c751e8b465ee728b)  -> (artifact id: 'c8ce7b64351c7a771793ea821e70b104') in 0.008172 seconds 
========================================================================
Received Import Request.
  Time since last request: 119.500618 seconds.
  path: Assets/Assets/Tilesets/Floor Tileset.png
  artifactKey: Guid(968f47584aa9a2a4a889aac51d59f7f5) Importer(815301076,1909f56bfc062723c751e8b465ee728b)
Start importing Assets/Assets/Tilesets/Floor Tileset.png using Guid(968f47584aa9a2a4a889aac51d59f7f5) Importer(815301076,1909f56bfc062723c751e8b465ee728b)  -> (artifact id: '33b63437d83ec30b03ce6a6f99a81b29') in 0.004638 seconds 
========================================================================
Received Import Request.
  Time since last request: 85.086723 seconds.
  path: Assets/Assets/Tilesets/Floor Tileset.png
  artifactKey: Guid(968f47584aa9a2a4a889aac51d59f7f5) Importer(815301076,1909f56bfc062723c751e8b465ee728b)
Start importing Assets/Assets/Tilesets/Floor Tileset.png using Guid(968f47584aa9a2a4a889aac51d59f7f5) Importer(815301076,1909f56bfc062723c751e8b465ee728b)  -> (artifact id: 'c7c5f64c00fa0f7bdbb1906786dad3d8') in 0.006991 seconds 
========================================================================
Received Import Request.
  Time since last request: 7.897818 seconds.
  path: Assets/Assets/Tilesets/Floor Tileset.png
  artifactKey: Guid(968f47584aa9a2a4a889aac51d59f7f5) Importer(815301076,1909f56bfc062723c751e8b465ee728b)
Start importing Assets/Assets/Tilesets/Floor Tileset.png using Guid(968f47584aa9a2a4a889aac51d59f7f5) Importer(815301076,1909f56bfc062723c751e8b465ee728b)  -> (artifact id: '1ec276ce049edc95de9b5fc1e5ce3dc4') in 0.113778 seconds 
========================================================================
Received Import Request.
  Time since last request: 695.042304 seconds.
  path: ProjectSettings/TagManager.asset
  artifactKey: Guid(00000000000000003000000000000000) Importer(815301076,1909f56bfc062723c751e8b465ee728b)
Start importing ProjectSettings/TagManager.asset using Guid(00000000000000003000000000000000) Importer(815301076,1909f56bfc062723c751e8b465ee728b)  -> (artifact id: '95df672b4aaba54310d34c83eef51bb8') in 0.007342 seconds 
========================================================================
Received Prepare
Registering precompiled user dll's ...
Registered in 0.001652 seconds.
Begin MonoManager ReloadAssembly
Native extension for WindowsStandalone target not found
Refreshing native plugins compatible for Editor in 0.46 ms, found 3 plugins.
Preloading 0 native plugins for Editor in 0.00 ms.
Mono: successfully reloaded assembly
- Completed reload, in  0.892 seconds
Domain Reload Profiling:
	ReloadAssembly (892ms)
		BeginReloadAssembly (106ms)
			ExecutionOrderSort (0ms)
			DisableScriptedObjects (6ms)
			BackupInstance (0ms)
			ReleaseScriptingObjects (0ms)
			CreateAndSetChildDomain (35ms)
		EndReloadAssembly (737ms)
			LoadAssemblies (83ms)
			RebuildTransferFunctionScriptingTraits (0ms)
			SetupTypeCache (268ms)
			ReleaseScriptCaches (1ms)
			RebuildScriptCaches (40ms)
			SetupLoadedEditorAssemblies (266ms)
				LogAssemblyErrors (0ms)
				InitializePlatformSupportModulesInManaged (4ms)
				SetLoadedEditorAssemblies (0ms)
				RefreshPlugins (1ms)
				BeforeProcessingInitializeOnLoad (71ms)
				ProcessInitializeOnLoadAttributes (173ms)
				ProcessInitializeOnLoadMethodAttributes (15ms)
				AfterProcessingInitializeOnLoad (2ms)
				EditorAssembliesLoaded (0ms)
			ExecutionOrderSort2 (0ms)
			AwakeInstancesAfterBackupRestoration (4ms)
Platform modules already initialized, skipping
Refreshing native plugins compatible for Editor in 0.44 ms, found 3 plugins.
Preloading 0 native plugins for Editor in 0.00 ms.
Unloading 2217 Unused Serialized files (Serialized files now loaded: 0)
System memory in use before: 100.5 MB.
System memory in use after: 100.5 MB.

Unloading 21 unused Assets to reduce memory usage. Loaded Objects now: 2667.
Total: 2.768600 ms (FindLiveObjects: 0.149800 ms CreateObjectMapping: 0.074000 ms MarkObjects: 2.433900 ms  DeleteObjects: 0.109900 ms)

AssetImportParameters requested are different than current active one (requested -> active):
  custom:framework-win-MediaFoundation: 216162199b28c13a410421893ffa2e32 -> 
  custom:video-decoder-ogg-theora: a1e56fd34408186e4bbccfd4996cb3dc -> 
  custom:container-muxer-webm: aa71ff27fc2769a1b78a27578f13a17b -> 
  custom:container-demuxer-webm: 4f35f7cbe854078d1ac9338744f61a02 -> 
  custom:container-demuxer-ogg: 62fdf1f143b41e24485cea50d1cbac27 -> 
  custom:video-encoder-webm-vp8: eb34c28f22e8b96e1ab97ce403110664 -> 
  custom:video-decoder-webm-vp8: 9c59270c3fd7afecdb556c50c9e8de78 -> 
  custom:audio-decoder-ogg-vorbis: bf7c407c2cedff20999df2af8eb42d56 -> 
  custom:audio-encoder-webm-vorbis: bf7c407c2cedff20999df2af8eb42d56 -> 
AssetImportWorkerClient::OnTransportError - code=2 error=End of file
